2024-03-18 11:05:11,556 [INFO] Activator:176 - 


2024-03-18 11:05:11,582 [INFO] Activator:177 - !SESSION log4j initialized
2024-03-18 11:06:16,505 [INFO] LogOutputStream:77 - [STDOUT_REDIRECT] 
2024-03-18 11:06:27,191 [INFO] ApplicationProperties:184 - Using Application install path: C:\ST\STM32CubeIDE_1.14.1\STM32CubeIDE\plugins\com.st.stm32cube.common.mx_6.10.0.202311202037
2024-03-18 11:06:27,279 [INFO] DbMcusXml:78 - Set database path to: C:\ST\STM32CubeIDE_1.14.1\STM32CubeIDE\plugins\com.st.stm32cube.common.mx_6.10.0.202311202037\\db\/mcu/
2024-03-18 11:06:27,280 [INFO] ApiDb:274 - Set plugin database path to: C:\ST\STM32CubeIDE_1.14.1\STM32CubeIDE\plugins\com.st.stm32cube.common.mx_6.10.0.202311202037\\db\/plugins/boardmanager/
2024-03-18 11:06:27,283 [WARN] ApiDb:259 - Overriding images path with different value:  => C:\ST\STM32CubeIDE_1.14.1\STM32CubeIDE\plugins\com.st.stm32cube.common.mx_6.10.0.202311202037\\db\/plugins/mcufinder/images/
2024-03-18 11:06:27,322 [INFO] ApiDb:250 - Set database path to: C:\Users\PISSO\.stmcufinder\plugins\mcufinder//mcu/
2024-03-18 11:06:27,328 [INFO] DbMcusAds:125 - Set database path to: C:\Users\PISSO\.stmcufinder\plugins\mcufinder//mcu/
2024-03-18 11:06:27,470 [INFO] CrossReferenceDbSqlite:203 - Set database path to: C:\Users\PISSO\.stmcufinder\plugins\mcufinder//mcu/cs/
2024-03-18 11:06:28,216 [INFO] RulesReader:64 - Compatibility file has been processed (297 Rules)
2024-03-18 11:06:28,873 [INFO] DbMcusXml:78 - Set database path to: C:\ST\STM32CubeIDE_1.14.1\STM32CubeIDE\plugins\com.st.stm32cube.common.mx_6.10.0.202311202037\\db\/mcu/
2024-03-18 11:06:28,874 [INFO] ApiDb:274 - Set plugin database path to: C:\ST\STM32CubeIDE_1.14.1\STM32CubeIDE\plugins\com.st.stm32cube.common.mx_6.10.0.202311202037\\db\/plugins/boardmanager/
2024-03-18 11:06:28,875 [INFO] ApiDb:261 - Set plugin images path to: C:\ST\STM32CubeIDE_1.14.1\STM32CubeIDE\plugins\com.st.stm32cube.common.mx_6.10.0.202311202037\\db\/plugins/mcufinder/images/
2024-03-18 11:06:28,877 [WARN] DbFile:41 - Overriding database path with different value: C:\Users\PISSO\.stmcufinder\plugins\mcufinder/ => C:\Users\PISSO\.stmcufinder\plugins\mcufinder
2024-03-18 11:06:28,878 [INFO] ApiDb:250 - Set database path to: C:\Users\PISSO\.stmcufinder\plugins\mcufinder//mcu/
2024-03-18 11:06:28,878 [WARN] DbFile:41 - Overriding database path with different value: C:\Users\PISSO\.stmcufinder\plugins\mcufinder/ => C:\Users\PISSO\.stmcufinder\plugins\mcufinder
2024-03-18 11:06:28,879 [INFO] DbMcusAds:125 - Set database path to: C:\Users\PISSO\.stmcufinder\plugins\mcufinder//mcu/
2024-03-18 11:06:28,879 [WARN] DbFile:41 - Overriding database path with different value: C:\Users\PISSO\.stmcufinder\plugins\mcufinder/ => C:\Users\PISSO\.stmcufinder\plugins\mcufinder
2024-03-18 11:06:28,880 [WARN] DbFile:41 - Overriding database path with different value: C:\Users\PISSO\.stmcufinder\plugins\mcufinder/ => C:\Users\PISSO\.stmcufinder\plugins\mcufinder
2024-03-18 11:06:28,880 [INFO] CrossReferenceDbSqlite:203 - Set database path to: C:\Users\PISSO\.stmcufinder\plugins\mcufinder//mcu/cs/
2024-03-18 11:06:29,407 [INFO] MainPanel:264 - HeapMemory: 268435456
2024-03-18 11:06:29,931 [INFO] DbMcusXml:78 - Set database path to: C:\ST\STM32CubeIDE_1.14.1\STM32CubeIDE\plugins\com.st.stm32cube.common.mx_6.10.0.202311202037\\db\/mcu/
2024-03-18 11:06:29,932 [INFO] ApiDb:274 - Set plugin database path to: C:\ST\STM32CubeIDE_1.14.1\STM32CubeIDE\plugins\com.st.stm32cube.common.mx_6.10.0.202311202037\\db\/plugins/boardmanager/
2024-03-18 11:06:29,933 [INFO] ApiDb:261 - Set plugin images path to: C:\ST\STM32CubeIDE_1.14.1\STM32CubeIDE\plugins\com.st.stm32cube.common.mx_6.10.0.202311202037\\db\/plugins/mcufinder/images/
2024-03-18 11:06:29,936 [WARN] DbFile:41 - Overriding database path with different value: C:\Users\PISSO\.stmcufinder\plugins\mcufinder/ => C:\Users\PISSO\.stmcufinder\plugins\mcufinder
2024-03-18 11:06:29,936 [INFO] ApiDb:250 - Set database path to: C:\Users\PISSO\.stmcufinder\plugins\mcufinder//mcu/
2024-03-18 11:06:29,937 [WARN] DbFile:41 - Overriding database path with different value: C:\Users\PISSO\.stmcufinder\plugins\mcufinder/ => C:\Users\PISSO\.stmcufinder\plugins\mcufinder
2024-03-18 11:06:29,938 [INFO] DbMcusAds:125 - Set database path to: C:\Users\PISSO\.stmcufinder\plugins\mcufinder//mcu/
2024-03-18 11:06:29,939 [WARN] DbFile:41 - Overriding database path with different value: C:\Users\PISSO\.stmcufinder\plugins\mcufinder/ => C:\Users\PISSO\.stmcufinder\plugins\mcufinder
2024-03-18 11:06:29,939 [WARN] DbFile:41 - Overriding database path with different value: C:\Users\PISSO\.stmcufinder\plugins\mcufinder/ => C:\Users\PISSO\.stmcufinder\plugins\mcufinder
2024-03-18 11:06:29,940 [INFO] CrossReferenceDbSqlite:203 - Set database path to: C:\Users\PISSO\.stmcufinder\plugins\mcufinder//mcu/cs/
2024-03-18 11:06:30,048 [INFO] ApplicationProperties:184 - Using Application install path: C:\ST\STM32CubeIDE_1.14.1\STM32CubeIDE\plugins\com.st.stm32cube.common.mx_6.10.0.202311202037
2024-03-18 11:06:30,057 [INFO] PluginManage:196 - Search for loadable plugins [exclusion list=, ]
2024-03-18 11:06:30,065 [INFO] PluginManage:310 - Check plugin analytics
2024-03-18 11:06:35,952 [INFO] AnalyticsPlugin:253 - Accepted Software Licenses: 
2024-03-18 11:06:35,953 [INFO] AnalyticsPlugin:255 - Accepted CMSIS Pack Licenses: 
2024-03-18 11:06:35,953 [INFO] AnalyticsPlugin:257 - Accepted Firmware Licenses: FW.L4.1.18.0
2024-03-18 11:06:35,957 [INFO] PluginManage:359 - Loaded plugin analytics (category:tool,tabindex:-1)
2024-03-18 11:06:35,957 [INFO] PluginManage:310 - Check plugin cadmodel
2024-03-18 11:06:35,977 [INFO] CADModel:105 - Init CAD model plugin
2024-03-18 11:06:35,978 [INFO] PluginManage:359 - Loaded plugin cadmodel (category:power,tabindex:5)
2024-03-18 11:06:35,978 [INFO] PluginManage:310 - Check plugin clock
2024-03-18 11:06:36,007 [INFO] PluginManage:359 - Loaded plugin clock (category:base,tabindex:2)
2024-03-18 11:06:36,007 [INFO] PluginManage:310 - Check plugin ddr
2024-03-18 11:06:36,010 [INFO] PluginManage:359 - Loaded plugin ddr (category:tool,tabindex:6)
2024-03-18 11:06:36,011 [INFO] PluginManage:310 - Check plugin filemanager
2024-03-18 11:06:36,213 [INFO] PluginManage:359 - Loaded plugin filemanager (category:base,tabindex:10)
2024-03-18 11:06:36,213 [INFO] PluginManage:310 - Check plugin ipmanager
2024-03-18 11:06:36,222 [INFO] PluginManage:359 - Loaded plugin ipmanager (category:base,tabindex:5)
2024-03-18 11:06:36,223 [INFO] PluginManage:310 - Check plugin lpbam
2024-03-18 11:06:36,247 [INFO] PluginManage:359 - Loaded plugin lpbam (category:base,tabindex:0)
2024-03-18 11:06:36,247 [INFO] PluginManage:310 - Check plugin memorymap
2024-03-18 11:06:36,292 [INFO] PluginManage:359 - Loaded plugin memorymap (category:base,tabindex:4)
2024-03-18 11:06:36,292 [INFO] PluginManage:310 - Check plugin pinoutandconfiguration
2024-03-18 11:06:36,317 [INFO] PluginManage:359 - Loaded plugin pinoutandconfiguration (category:base,tabindex:1)
2024-03-18 11:06:36,317 [INFO] PluginManage:310 - Check plugin pinoutconfig
2024-03-18 11:06:36,486 [WARN] SupportedApi:132 - Cannot load RTOS API schema: s4s-elt-must-match.1: The content of 'definitions' must match (annotation?, (simpleType | complexType)?, (unique | key | keyref)*)). A problem was found starting at: attribute.
2024-03-18 11:06:36,862 [INFO] PluginManage:359 - Loaded plugin pinoutconfig (category:base,tabindex:0)
2024-03-18 11:06:36,862 [INFO] PluginManage:310 - Check plugin power
2024-03-18 11:06:36,900 [INFO] PluginManage:359 - Loaded plugin power (category:power,tabindex:4)
2024-03-18 11:06:36,900 [INFO] PluginManage:310 - Check plugin projectmanager
2024-03-18 11:06:36,928 [INFO] PluginManage:359 - Loaded plugin projectmanager (category:projectmanager,tabindex:3)
2024-03-18 11:06:36,928 [INFO] PluginManage:310 - Check plugin thirdparty
2024-03-18 11:06:37,487 [INFO] PluginManage:359 - Loaded plugin thirdparty (category:base,tabindex:-1)
2024-03-18 11:06:37,488 [INFO] PluginManage:310 - Check plugin tools
2024-03-18 11:06:37,487 [WARN] IntegrityCheckThread:84 - waiting for thirdparty lock release [integrity check]
2024-03-18 11:06:37,488 [INFO] IntegrityCheckThread:86 - entering critical section [integrity check]
2024-03-18 11:06:37,490 [INFO] ThirdPartyUpdaterWithRetryManager:70 - Updater plugin not ready yet. [1/15]
2024-03-18 11:06:37,570 [INFO] PluginManage:359 - Loaded plugin tools (category:base,tabindex:7)
2024-03-18 11:06:37,570 [INFO] PluginManage:310 - Check plugin tutovideos
2024-03-18 11:06:38,684 [INFO] PluginManage:359 - Loaded plugin tutovideos (category:base,tabindex:-1)
2024-03-18 11:06:38,685 [INFO] PluginManage:310 - Check plugin updater
2024-03-18 11:06:38,745 [INFO] PluginManage:359 - Loaded plugin updater (category:base,tabindex:12)
2024-03-18 11:06:38,746 [INFO] PluginManage:310 - Check plugin userauth
2024-03-18 11:06:38,774 [INFO] UserAuth:114 - Init User Auth plugin
2024-03-18 11:06:38,775 [INFO] PluginManage:359 - Loaded plugin userauth (category:base,tabindex:14)
2024-03-18 11:06:38,777 [INFO] PluginManage:283 - PluginManage : Loaded plugins [17]
2024-03-18 11:06:40,138 [INFO] PinOutPanel:1499 - setPackage(No Configuration,No Configuration)
2024-03-18 11:06:40,516 [INFO] ThirdPartyUpdaterWithRetryManager:70 - Updater plugin not ready yet. [2/15]
2024-03-18 11:06:40,587 [INFO] CADModel:165 - CPN selected for project level
2024-03-18 11:06:40,588 [INFO] CADModel:114 - Register for checkConnection events
2024-03-18 11:06:40,704 [INFO] IPUIPlugin:80 - create IPUIPlugin
2024-03-18 11:06:40,705 [INFO] PluginManager:220 - loadIPPluginJar : add adc
2024-03-18 11:06:40,880 [INFO] IPUIPlugin:80 - create IPUIPlugin
2024-03-18 11:06:40,881 [INFO] PluginManager:220 - loadIPPluginJar : add aes
2024-03-18 11:06:41,136 [INFO] IPUIPlugin:80 - create IPUIPlugin
2024-03-18 11:06:41,137 [INFO] PluginManager:220 - loadIPPluginJar : add can
2024-03-18 11:06:41,276 [INFO] IPUIPlugin:80 - create IPUIPlugin
2024-03-18 11:06:41,277 [INFO] PluginManager:220 - loadIPPluginJar : add comp
2024-03-18 11:06:41,457 [INFO] IPUIPlugin:80 - create IPUIPlugin
2024-03-18 11:06:41,458 [INFO] PluginManager:220 - loadIPPluginJar : add cryp
2024-03-18 11:06:41,927 [INFO] IPUIPlugin:80 - create IPUIPlugin
2024-03-18 11:06:41,928 [INFO] PluginManager:220 - loadIPPluginJar : add dfsdm
2024-03-18 11:06:42,005 [INFO] IPUIPlugin:80 - create IPUIPlugin
2024-03-18 11:06:42,007 [INFO] PluginManager:220 - loadIPPluginJar : add dma
2024-03-18 11:06:42,249 [INFO] IPUIPlugin:80 - create IPUIPlugin
2024-03-18 11:06:42,250 [INFO] PluginManager:220 - loadIPPluginJar : add dma3
2024-03-18 11:06:42,351 [INFO] IPUIPlugin:80 - create IPUIPlugin
2024-03-18 11:06:42,351 [INFO] PluginManager:220 - loadIPPluginJar : add fatfs
2024-03-18 11:06:42,592 [INFO] IPUIPlugin:80 - create IPUIPlugin
2024-03-18 11:06:42,592 [INFO] PluginManager:220 - loadIPPluginJar : add fmc
2024-03-18 11:06:42,666 [INFO] IPUIPlugin:80 - create IPUIPlugin
2024-03-18 11:06:42,667 [INFO] PluginManager:220 - loadIPPluginJar : add freertos
2024-03-18 11:06:42,762 [INFO] IPUIPlugin:80 - create IPUIPlugin
2024-03-18 11:06:42,763 [INFO] PluginManager:220 - loadIPPluginJar : add genericplugin
2024-03-18 11:06:43,272 [INFO] IPUIPlugin:80 - create IPUIPlugin
2024-03-18 11:06:43,272 [INFO] PluginManager:220 - loadIPPluginJar : add gfxmmu
2024-03-18 11:06:43,519 [INFO] ThirdPartyUpdaterWithRetryManager:70 - Updater plugin not ready yet. [3/15]
2024-03-18 11:06:44,501 [INFO] IPUIPlugin:80 - create IPUIPlugin
2024-03-18 11:06:44,502 [INFO] PluginManager:220 - loadIPPluginJar : add gic
2024-03-18 11:06:44,705 [INFO] IPUIPlugin:80 - create IPUIPlugin
2024-03-18 11:06:44,706 [INFO] PluginManager:220 - loadIPPluginJar : add gpio
2024-03-18 11:06:45,279 [INFO] IPUIPlugin:80 - create IPUIPlugin
2024-03-18 11:06:45,279 [INFO] PluginManager:220 - loadIPPluginJar : add gtzc
2024-03-18 11:06:45,510 [INFO] IPUIPlugin:80 - create IPUIPlugin
2024-03-18 11:06:45,511 [INFO] PluginManager:220 - loadIPPluginJar : add hash
2024-03-18 11:06:45,794 [INFO] IPUIPlugin:80 - create IPUIPlugin
2024-03-18 11:06:45,795 [INFO] PluginManager:220 - loadIPPluginJar : add i2c
2024-03-18 11:06:46,018 [INFO] IPUIPlugin:80 - create IPUIPlugin
2024-03-18 11:06:46,018 [INFO] PluginManager:220 - loadIPPluginJar : add i2s
2024-03-18 11:06:46,237 [INFO] IPUIPlugin:80 - create IPUIPlugin
2024-03-18 11:06:46,238 [INFO] PluginManager:220 - loadIPPluginJar : add i3c
2024-03-18 11:06:46,523 [INFO] ThirdPartyUpdaterWithRetryManager:70 - Updater plugin not ready yet. [4/15]
2024-03-18 11:06:46,944 [INFO] IPUIPlugin:80 - create IPUIPlugin
2024-03-18 11:06:46,945 [INFO] PluginManager:220 - loadIPPluginJar : add ipddr
2024-03-18 11:06:47,702 [INFO] IPUIPlugin:80 - create IPUIPlugin
2024-03-18 11:06:47,703 [INFO] PluginManager:220 - loadIPPluginJar : add linkedlist
2024-03-18 11:06:47,948 [INFO] IPUIPlugin:80 - create IPUIPlugin
2024-03-18 11:06:47,949 [INFO] PluginManager:220 - loadIPPluginJar : add lorawan
2024-03-18 11:06:48,310 [INFO] IPUIPlugin:80 - create IPUIPlugin
2024-03-18 11:06:48,313 [INFO] PluginManager:220 - loadIPPluginJar : add ltdc
2024-03-18 11:06:48,460 [INFO] IPUIPlugin:80 - create IPUIPlugin
2024-03-18 11:06:48,461 [INFO] PluginManager:220 - loadIPPluginJar : add mdma
2024-03-18 11:06:48,556 [INFO] IPUIPlugin:80 - create IPUIPlugin
2024-03-18 11:06:48,558 [INFO] PluginManager:220 - loadIPPluginJar : add nvic
2024-03-18 11:06:49,345 [INFO] IPUIPlugin:80 - create IPUIPlugin
2024-03-18 11:06:49,349 [INFO] PluginManager:220 - loadIPPluginJar : add opamp
2024-03-18 11:06:49,525 [INFO] ThirdPartyUpdaterWithRetryManager:70 - Updater plugin not ready yet. [5/15]
2024-03-18 11:06:49,954 [INFO] IPUIPlugin:80 - create IPUIPlugin
2024-03-18 11:06:49,956 [INFO] PluginManager:220 - loadIPPluginJar : add openamp
2024-03-18 11:06:50,500 [INFO] IPUIPlugin:80 - create IPUIPlugin
2024-03-18 11:06:50,500 [INFO] PluginManager:220 - loadIPPluginJar : add pdm2pcm
2024-03-18 11:06:50,598 [INFO] IPUIPlugin:80 - create IPUIPlugin
2024-03-18 11:06:50,620 [INFO] PluginManager:220 - loadIPPluginJar : add plateformsettings
2024-03-18 11:06:50,746 [INFO] IPUIPlugin:80 - create IPUIPlugin
2024-03-18 11:06:50,747 [INFO] PluginManager:220 - loadIPPluginJar : add quadspi
2024-03-18 11:06:50,801 [INFO] IPUIPlugin:80 - create IPUIPlugin
2024-03-18 11:06:50,802 [INFO] PluginManager:220 - loadIPPluginJar : add resmgrutility
2024-03-18 11:06:51,090 [INFO] IPUIPlugin:80 - create IPUIPlugin
2024-03-18 11:06:51,091 [INFO] PluginManager:220 - loadIPPluginJar : add sai
2024-03-18 11:06:51,287 [INFO] IPUIPlugin:80 - create IPUIPlugin
2024-03-18 11:06:51,288 [INFO] PluginManager:220 - loadIPPluginJar : add spi
2024-03-18 11:06:51,733 [INFO] IPUIPlugin:80 - create IPUIPlugin
2024-03-18 11:06:51,734 [INFO] PluginManager:220 - loadIPPluginJar : add stm32_wpan
2024-03-18 11:06:51,895 [INFO] IPUIPlugin:80 - create IPUIPlugin
2024-03-18 11:06:51,897 [INFO] PluginManager:220 - loadIPPluginJar : add tim
2024-03-18 11:06:52,281 [INFO] IPUIPlugin:80 - create IPUIPlugin
2024-03-18 11:06:52,281 [INFO] PluginManager:220 - loadIPPluginJar : add touchsensing
2024-03-18 11:06:52,384 [INFO] IPUIPlugin:80 - create IPUIPlugin
2024-03-18 11:06:52,384 [INFO] PluginManager:220 - loadIPPluginJar : add tracer_emb
2024-03-18 11:06:52,528 [INFO] ThirdPartyUpdaterWithRetryManager:70 - Updater plugin not ready yet. [6/15]
2024-03-18 11:06:52,567 [INFO] IPUIPlugin:80 - create IPUIPlugin
2024-03-18 11:06:52,568 [INFO] PluginManager:220 - loadIPPluginJar : add ts
2024-03-18 11:06:52,695 [INFO] IPUIPlugin:80 - create IPUIPlugin
2024-03-18 11:06:52,695 [INFO] PluginManager:220 - loadIPPluginJar : add tsc
2024-03-18 11:06:52,816 [INFO] IPUIPlugin:80 - create IPUIPlugin
2024-03-18 11:06:52,816 [INFO] PluginManager:220 - loadIPPluginJar : add ucpd
2024-03-18 11:06:53,066 [INFO] IPUIPlugin:80 - create IPUIPlugin
2024-03-18 11:06:53,066 [INFO] PluginManager:220 - loadIPPluginJar : add usart
2024-03-18 11:06:53,350 [INFO] IPUIPlugin:80 - create IPUIPlugin
2024-03-18 11:06:53,351 [INFO] PluginManager:220 - loadIPPluginJar : add usbx
2024-03-18 11:06:53,910 [INFO] CADModel:165 - CPN selected for project level
2024-03-18 11:06:53,911 [INFO] CADModel:114 - Register for checkConnection events
2024-03-18 11:06:53,912 [FATAL] Updater:308 - Updater called before beeing initialized
2024-03-18 11:06:53,913 [ERROR] CADModel:125 - Updater not yet initialized, retry later 
2024-03-18 11:06:54,969 [INFO] CADModel:165 - CPN selected for project level
2024-03-18 11:06:54,971 [INFO] CADModel:114 - Register for checkConnection events
2024-03-18 11:06:54,971 [FATAL] Updater:308 - Updater called before beeing initialized
2024-03-18 11:06:54,972 [ERROR] CADModel:125 - Updater not yet initialized, retry later 
2024-03-18 11:06:54,990 [FATAL] Updater:308 - Updater called before beeing initialized
2024-03-18 11:06:55,533 [INFO] ThirdPartyUpdaterWithRetryManager:70 - Updater plugin not ready yet. [7/15]
2024-03-18 11:06:55,698 [FATAL] Updater:308 - Updater called before beeing initialized
2024-03-18 11:06:55,766 [INFO] DbMcusAds:53 - JSON generation date=Wed Nov 29 05:52:27 COT 2023 (1701255147349)
2024-03-18 11:06:55,766 [FATAL] Updater:308 - Updater called before beeing initialized
2024-03-18 11:06:56,207 [WARN] DetailPanel:346 - Failed to get advertising image, set to default
2024-03-18 11:06:56,550 [FATAL] Updater:308 - Updater called before beeing initialized
2024-03-18 11:06:56,554 [FATAL] Updater:308 - Updater called before beeing initialized
2024-03-18 11:06:56,554 [FATAL] Updater:308 - Updater called before beeing initialized
2024-03-18 11:06:56,554 [WARN] DetailPanel:346 - Failed to get advertising image, set to default
2024-03-18 11:06:56,556 [FATAL] Updater:308 - Updater called before beeing initialized
2024-03-18 11:06:56,676 [ERROR] Updater:1120 - MainUpdater not yet initialized. External WinMGr cannot be set.
2024-03-18 11:06:56,692 [INFO] Updater:1056 - Updater Version found : 6.10.0
2024-03-18 11:06:56,722 [INFO] ApplicationProperties:184 - Using Application install path: C:\ST\STM32CubeIDE_1.14.1\STM32CubeIDE\plugins\com.st.stm32cube.common.mx_6.10.0.202311202037
2024-03-18 11:06:58,345 [ERROR] LogOutputStream:75 - [STDERR_REDIRECT] Mar 18, 2024 11:06:58 AM java.util.prefs.WindowsPreferences <init>
2024-03-18 11:06:58,359 [ERROR] LogOutputStream:75 - [STDERR_REDIRECT] WARNING: Could not open/create prefs root node Software\JavaSoft\Prefs at root 0xffffffff80000002. Windows RegCreateKeyEx(...) returned error code 5.
2024-03-18 11:06:58,360 [ERROR] LogOutputStream:75 - [STDERR_REDIRECT] 
2024-03-18 11:06:58,544 [FATAL] Updater:308 - Updater called before beeing initialized
2024-03-18 11:06:58,546 [ERROR] IntegrityCheckThread:130 - Cannot retrieve database content from updater: error 21
2024-03-18 11:06:58,547 [INFO] ThirdParty:978 - Integrity check success = false
2024-03-18 11:06:58,548 [INFO] IntegrityCheckThread:100 - exiting critical section [integrity check]
2024-03-18 11:06:58,548 [INFO] IntegrityCheckThread:103 - End integrity checks thread
2024-03-18 11:07:00,852 [INFO] MainUpdater:2873 - connection check result : 10
2024-03-18 11:07:00,855 [INFO] MainUpdater:290 - Updater Check For Update Now.
2024-03-18 11:07:00,856 [INFO] MicroXplorer:498 - Change Database Version : DB.6.0.100
2024-03-18 11:07:00,951 [INFO] McuFinderGlobals:63 - Set McuFinder mode to 2 (CubeIDE integrated)
2024-03-18 11:07:02,014 [INFO] CheckServerUpdateThread:120 - End of CheckServer Thread
2024-03-18 11:07:02,275 [INFO] UserAuth:404 - Internet connection configuration mode: 1
2024-03-18 11:07:02,579 [INFO] JxBrowserEngine:152 - Initiate JxBrowser Engine with user profile folder
2024-03-18 11:07:18,597 [INFO] WebApp:161 - Instantiating new browser for Auth
2024-03-18 11:07:22,069 [INFO] WebApp:780 - Register for checkConnection events
2024-03-18 11:07:22,070 [INFO] WebApp:414 - Apply proxy settings
2024-03-18 11:07:22,071 [INFO] WebApp:499 - Chromium requires no authentication
2024-03-18 11:07:22,116 [INFO] WebApp:442 - Direct internet connection detected
2024-03-18 11:07:23,156 [INFO] WebApp:192 - Starting web application
2024-03-18 11:07:23,156 [INFO] WebApp:544 - Web application path used C:\ST\STM32CubeIDE_1.14.1\STM32CubeIDE\plugins\com.st.stm32cube.common.mx_6.10.0.202311202037\db\plugins\mcufinder\reactClient1\index.html
2024-03-18 11:07:48,753 [ERROR] LogOutputStream:75 - [STDERR_REDIRECT] SLF4J: Failed to load class "org.slf4j.impl.StaticLoggerBinder".
2024-03-18 11:07:48,764 [ERROR] LogOutputStream:75 - [STDERR_REDIRECT] SLF4J: Defaulting to no-operation (NOP) logger implementation
2024-03-18 11:07:48,775 [ERROR] LogOutputStream:75 - [STDERR_REDIRECT] SLF4J: See http://www.slf4j.org/codes.html#StaticLoggerBinder for further details.
2024-03-18 12:17:46,958 [ERROR] LogOutputStream:75 - [STDERR_REDIRECT] 
