2024-08-12 15:44:12,256 [INFO] Activator:176 - 


2024-08-12 15:44:12,286 [INFO] Activator:177 - !SESSION log4j initialized
2024-08-12 15:44:48,735 [INFO] LogOutputStream:77 - [STDOUT_REDIRECT] 
2024-08-12 15:44:59,734 [INFO] ApplicationProperties:184 - Using Application install path: C:\ST\STM32CubeIDE_1.14.1\STM32CubeIDE\plugins\com.st.stm32cube.common.mx_6.12.0.202406281431
2024-08-12 15:44:59,826 [INFO] DbMcusXml:78 - Set database path to: C:\ST\STM32CubeIDE_1.14.1\STM32CubeIDE\plugins\com.st.stm32cube.common.mx_6.12.0.202406281431\\db\/mcu/
2024-08-12 15:44:59,827 [INFO] ApiDb:274 - Set plugin database path to: C:\ST\STM32CubeIDE_1.14.1\STM32CubeIDE\plugins\com.st.stm32cube.common.mx_6.12.0.202406281431\\db\/plugins/boardmanager/
2024-08-12 15:44:59,829 [WARN] ApiDb:259 - Overriding images path with different value:  => C:\ST\STM32CubeIDE_1.14.1\STM32CubeIDE\plugins\com.st.stm32cube.common.mx_6.12.0.202406281431\\db\/plugins/mcufinder/images/
2024-08-12 15:44:59,867 [INFO] ApiDb:250 - Set database path to: C:\Users\PISSO\.stmcufinder\plugins\mcufinder//mcu/
2024-08-12 15:44:59,873 [INFO] DbMcusAds:125 - Set database path to: C:\Users\PISSO\.stmcufinder\plugins\mcufinder//mcu/
2024-08-12 15:44:59,886 [INFO] CrossReferenceDbSqlite:203 - Set database path to: C:\Users\PISSO\.stmcufinder\plugins\mcufinder//mcu/cs/
2024-08-12 15:45:00,620 [INFO] RulesReader:64 - Compatibility file has been processed (297 Rules)
2024-08-12 15:45:01,030 [INFO] DbMcusXml:78 - Set database path to: C:\ST\STM32CubeIDE_1.14.1\STM32CubeIDE\plugins\com.st.stm32cube.common.mx_6.12.0.202406281431\\db\/mcu/
2024-08-12 15:45:01,031 [INFO] ApiDb:274 - Set plugin database path to: C:\ST\STM32CubeIDE_1.14.1\STM32CubeIDE\plugins\com.st.stm32cube.common.mx_6.12.0.202406281431\\db\/plugins/boardmanager/
2024-08-12 15:45:01,032 [INFO] ApiDb:261 - Set plugin images path to: C:\ST\STM32CubeIDE_1.14.1\STM32CubeIDE\plugins\com.st.stm32cube.common.mx_6.12.0.202406281431\\db\/plugins/mcufinder/images/
2024-08-12 15:45:01,034 [WARN] DbFile:41 - Overriding database path with different value: C:\Users\PISSO\.stmcufinder\plugins\mcufinder/ => C:\Users\PISSO\.stmcufinder\plugins\mcufinder
2024-08-12 15:45:01,034 [INFO] ApiDb:250 - Set database path to: C:\Users\PISSO\.stmcufinder\plugins\mcufinder//mcu/
2024-08-12 15:45:01,035 [WARN] DbFile:41 - Overriding database path with different value: C:\Users\PISSO\.stmcufinder\plugins\mcufinder/ => C:\Users\PISSO\.stmcufinder\plugins\mcufinder
2024-08-12 15:45:01,036 [INFO] DbMcusAds:125 - Set database path to: C:\Users\PISSO\.stmcufinder\plugins\mcufinder//mcu/
2024-08-12 15:45:01,036 [WARN] DbFile:41 - Overriding database path with different value: C:\Users\PISSO\.stmcufinder\plugins\mcufinder/ => C:\Users\PISSO\.stmcufinder\plugins\mcufinder
2024-08-12 15:45:01,037 [WARN] DbFile:41 - Overriding database path with different value: C:\Users\PISSO\.stmcufinder\plugins\mcufinder/ => C:\Users\PISSO\.stmcufinder\plugins\mcufinder
2024-08-12 15:45:01,038 [INFO] CrossReferenceDbSqlite:203 - Set database path to: C:\Users\PISSO\.stmcufinder\plugins\mcufinder//mcu/cs/
2024-08-12 15:45:01,478 [INFO] MainPanel:268 - HeapMemory: 268435456
2024-08-12 15:45:01,949 [INFO] DbMcusXml:78 - Set database path to: C:\ST\STM32CubeIDE_1.14.1\STM32CubeIDE\plugins\com.st.stm32cube.common.mx_6.12.0.202406281431\\db\/mcu/
2024-08-12 15:45:01,950 [INFO] ApiDb:274 - Set plugin database path to: C:\ST\STM32CubeIDE_1.14.1\STM32CubeIDE\plugins\com.st.stm32cube.common.mx_6.12.0.202406281431\\db\/plugins/boardmanager/
2024-08-12 15:45:01,951 [INFO] ApiDb:261 - Set plugin images path to: C:\ST\STM32CubeIDE_1.14.1\STM32CubeIDE\plugins\com.st.stm32cube.common.mx_6.12.0.202406281431\\db\/plugins/mcufinder/images/
2024-08-12 15:45:01,953 [WARN] DbFile:41 - Overriding database path with different value: C:\Users\PISSO\.stmcufinder\plugins\mcufinder/ => C:\Users\PISSO\.stmcufinder\plugins\mcufinder
2024-08-12 15:45:01,953 [INFO] ApiDb:250 - Set database path to: C:\Users\PISSO\.stmcufinder\plugins\mcufinder//mcu/
2024-08-12 15:45:01,954 [WARN] DbFile:41 - Overriding database path with different value: C:\Users\PISSO\.stmcufinder\plugins\mcufinder/ => C:\Users\PISSO\.stmcufinder\plugins\mcufinder
2024-08-12 15:45:01,954 [INFO] DbMcusAds:125 - Set database path to: C:\Users\PISSO\.stmcufinder\plugins\mcufinder//mcu/
2024-08-12 15:45:01,955 [WARN] DbFile:41 - Overriding database path with different value: C:\Users\PISSO\.stmcufinder\plugins\mcufinder/ => C:\Users\PISSO\.stmcufinder\plugins\mcufinder
2024-08-12 15:45:01,955 [WARN] DbFile:41 - Overriding database path with different value: C:\Users\PISSO\.stmcufinder\plugins\mcufinder/ => C:\Users\PISSO\.stmcufinder\plugins\mcufinder
2024-08-12 15:45:01,956 [INFO] CrossReferenceDbSqlite:203 - Set database path to: C:\Users\PISSO\.stmcufinder\plugins\mcufinder//mcu/cs/
2024-08-12 15:45:02,049 [INFO] ApplicationProperties:184 - Using Application install path: C:\ST\STM32CubeIDE_1.14.1\STM32CubeIDE\plugins\com.st.stm32cube.common.mx_6.12.0.202406281431
2024-08-12 15:45:02,056 [INFO] PluginManage:196 - Search for loadable plugins [exclusion list=, ]
2024-08-12 15:45:02,061 [INFO] PluginManage:310 - Check plugin analytics
2024-08-12 15:45:02,917 [INFO] AnalyticsPlugin:253 - Accepted Software Licenses: 
2024-08-12 15:45:02,918 [INFO] AnalyticsPlugin:255 - Accepted CMSIS Pack Licenses: 
2024-08-12 15:45:02,919 [INFO] AnalyticsPlugin:257 - Accepted Firmware Licenses: FW.L4.1.18.0
2024-08-12 15:45:02,931 [INFO] PluginManage:359 - Loaded plugin analytics (category:tool,tabindex:-1)
2024-08-12 15:45:02,933 [INFO] PluginManage:310 - Check plugin cadmodel
2024-08-12 15:45:03,014 [INFO] CADModel:105 - Init CAD model plugin
2024-08-12 15:45:03,015 [INFO] PluginManage:359 - Loaded plugin cadmodel (category:power,tabindex:5)
2024-08-12 15:45:03,016 [INFO] PluginManage:310 - Check plugin clock
2024-08-12 15:45:03,121 [INFO] PluginManage:359 - Loaded plugin clock (category:base,tabindex:2)
2024-08-12 15:45:03,122 [INFO] PluginManage:310 - Check plugin ddr
2024-08-12 15:45:03,133 [INFO] PluginManage:359 - Loaded plugin ddr (category:tool,tabindex:6)
2024-08-12 15:45:03,134 [INFO] PluginManage:310 - Check plugin filemanager
2024-08-12 15:45:03,959 [INFO] PluginManage:359 - Loaded plugin filemanager (category:base,tabindex:10)
2024-08-12 15:45:03,960 [INFO] PluginManage:310 - Check plugin ipmanager
2024-08-12 15:45:03,994 [INFO] PluginManage:359 - Loaded plugin ipmanager (category:base,tabindex:5)
2024-08-12 15:45:03,995 [INFO] PluginManage:310 - Check plugin lpbam
2024-08-12 15:45:04,097 [INFO] PluginManage:359 - Loaded plugin lpbam (category:base,tabindex:0)
2024-08-12 15:45:04,098 [INFO] PluginManage:310 - Check plugin memorymap
2024-08-12 15:45:04,226 [INFO] PluginManage:359 - Loaded plugin memorymap (category:base,tabindex:4)
2024-08-12 15:45:04,227 [INFO] PluginManage:310 - Check plugin pinoutandconfiguration
2024-08-12 15:45:04,303 [INFO] PluginManage:359 - Loaded plugin pinoutandconfiguration (category:base,tabindex:1)
2024-08-12 15:45:04,304 [INFO] PluginManage:310 - Check plugin pinoutconfig
2024-08-12 15:45:04,877 [WARN] SupportedApi:132 - Cannot load RTOS API schema: s4s-elt-must-match.1: The content of 'definitions' must match (annotation?, (simpleType | complexType)?, (unique | key | keyref)*)). A problem was found starting at: attribute.
2024-08-12 15:45:05,679 [INFO] PluginManage:359 - Loaded plugin pinoutconfig (category:base,tabindex:0)
2024-08-12 15:45:05,680 [INFO] PluginManage:310 - Check plugin power
2024-08-12 15:45:05,794 [INFO] PluginManage:359 - Loaded plugin power (category:power,tabindex:4)
2024-08-12 15:45:05,794 [INFO] PluginManage:310 - Check plugin projectmanager
2024-08-12 15:45:05,880 [INFO] PluginManage:359 - Loaded plugin projectmanager (category:projectmanager,tabindex:4)
2024-08-12 15:45:05,881 [INFO] PluginManage:310 - Check plugin rif
2024-08-12 15:45:05,949 [INFO] PluginManage:359 - Loaded plugin rif (category:base,tabindex:3)
2024-08-12 15:45:05,950 [INFO] PluginManage:310 - Check plugin thirdparty
2024-08-12 15:45:07,537 [WARN] IntegrityCheckThread:84 - waiting for thirdparty lock release [integrity check]
2024-08-12 15:45:07,540 [INFO] IntegrityCheckThread:86 - entering critical section [integrity check]
2024-08-12 15:45:07,540 [INFO] PluginManage:359 - Loaded plugin thirdparty (category:base,tabindex:-1)
2024-08-12 15:45:07,541 [INFO] PluginManage:310 - Check plugin tools
2024-08-12 15:45:07,542 [INFO] ThirdPartyUpdaterWithRetryManager:70 - Updater plugin not ready yet. [1/15]
2024-08-12 15:45:07,739 [INFO] PluginManage:359 - Loaded plugin tools (category:base,tabindex:7)
2024-08-12 15:45:07,740 [INFO] PluginManage:310 - Check plugin tutovideos
2024-08-12 15:45:08,641 [INFO] PluginManage:359 - Loaded plugin tutovideos (category:base,tabindex:-1)
2024-08-12 15:45:08,641 [INFO] PluginManage:310 - Check plugin updater
2024-08-12 15:45:08,726 [INFO] PluginManage:359 - Loaded plugin updater (category:base,tabindex:12)
2024-08-12 15:45:08,726 [INFO] PluginManage:310 - Check plugin userauth
2024-08-12 15:45:08,756 [INFO] UserAuth:113 - Init User Auth plugin
2024-08-12 15:45:08,756 [INFO] PluginManage:359 - Loaded plugin userauth (category:base,tabindex:14)
2024-08-12 15:45:08,759 [INFO] PluginManage:283 - PluginManage : Loaded plugins [18]
2024-08-12 15:45:09,790 [INFO] PinOutPanel:1561 - setPackage(No Configuration,No Configuration)
2024-08-12 15:45:10,149 [INFO] CADModel:165 - CPN selected for project level
2024-08-12 15:45:10,150 [INFO] CADModel:114 - Register for checkConnection events
2024-08-12 15:45:10,239 [INFO] IPUIPlugin:80 - create IPUIPlugin
2024-08-12 15:45:10,240 [INFO] PluginManager:220 - loadIPPluginJar : add adc
2024-08-12 15:45:10,390 [INFO] IPUIPlugin:80 - create IPUIPlugin
2024-08-12 15:45:10,390 [INFO] PluginManager:220 - loadIPPluginJar : add aes
2024-08-12 15:45:10,543 [INFO] ThirdPartyUpdaterWithRetryManager:70 - Updater plugin not ready yet. [2/15]
2024-08-12 15:45:10,575 [INFO] IPUIPlugin:80 - create IPUIPlugin
2024-08-12 15:45:10,575 [INFO] PluginManager:220 - loadIPPluginJar : add can
2024-08-12 15:45:10,666 [INFO] IPUIPlugin:80 - create IPUIPlugin
2024-08-12 15:45:10,666 [INFO] PluginManager:220 - loadIPPluginJar : add comp
2024-08-12 15:45:10,805 [INFO] IPUIPlugin:80 - create IPUIPlugin
2024-08-12 15:45:10,805 [INFO] PluginManager:220 - loadIPPluginJar : add cryp
2024-08-12 15:45:10,854 [INFO] IPUIPlugin:80 - create IPUIPlugin
2024-08-12 15:45:10,854 [INFO] PluginManager:220 - loadIPPluginJar : add ddr_ctrl_phy
2024-08-12 15:45:10,978 [INFO] IPUIPlugin:80 - create IPUIPlugin
2024-08-12 15:45:10,979 [INFO] PluginManager:220 - loadIPPluginJar : add dfsdm
2024-08-12 15:45:11,028 [INFO] IPUIPlugin:80 - create IPUIPlugin
2024-08-12 15:45:11,030 [INFO] PluginManager:220 - loadIPPluginJar : add dma
2024-08-12 15:45:11,230 [INFO] IPUIPlugin:80 - create IPUIPlugin
2024-08-12 15:45:11,231 [INFO] PluginManager:220 - loadIPPluginJar : add dma3
2024-08-12 15:45:11,432 [INFO] IPUIPlugin:80 - create IPUIPlugin
2024-08-12 15:45:11,433 [INFO] PluginManager:220 - loadIPPluginJar : add extmemmanager
2024-08-12 15:45:11,514 [INFO] IPUIPlugin:80 - create IPUIPlugin
2024-08-12 15:45:11,515 [INFO] PluginManager:220 - loadIPPluginJar : add fatfs
2024-08-12 15:45:11,711 [INFO] IPUIPlugin:80 - create IPUIPlugin
2024-08-12 15:45:11,712 [INFO] PluginManager:220 - loadIPPluginJar : add fmc
2024-08-12 15:45:11,766 [INFO] IPUIPlugin:80 - create IPUIPlugin
2024-08-12 15:45:11,767 [INFO] PluginManager:220 - loadIPPluginJar : add freertos
2024-08-12 15:45:11,850 [INFO] IPUIPlugin:80 - create IPUIPlugin
2024-08-12 15:45:11,850 [INFO] PluginManager:220 - loadIPPluginJar : add genericplugin
2024-08-12 15:45:12,284 [INFO] IPUIPlugin:80 - create IPUIPlugin
2024-08-12 15:45:12,285 [INFO] PluginManager:220 - loadIPPluginJar : add gfxmmu
2024-08-12 15:45:12,877 [INFO] IPUIPlugin:80 - create IPUIPlugin
2024-08-12 15:45:12,878 [INFO] PluginManager:220 - loadIPPluginJar : add gic
2024-08-12 15:45:12,925 [INFO] IPUIPlugin:80 - create IPUIPlugin
2024-08-12 15:45:12,926 [INFO] PluginManager:220 - loadIPPluginJar : add gpio
2024-08-12 15:45:13,214 [INFO] IPUIPlugin:80 - create IPUIPlugin
2024-08-12 15:45:13,214 [INFO] PluginManager:220 - loadIPPluginJar : add gtzc
2024-08-12 15:45:13,252 [INFO] IPUIPlugin:80 - create IPUIPlugin
2024-08-12 15:45:13,252 [INFO] PluginManager:220 - loadIPPluginJar : add hash
2024-08-12 15:45:13,316 [INFO] IPUIPlugin:80 - create IPUIPlugin
2024-08-12 15:45:13,316 [INFO] PluginManager:220 - loadIPPluginJar : add i2c
2024-08-12 15:45:13,362 [INFO] IPUIPlugin:80 - create IPUIPlugin
2024-08-12 15:45:13,362 [INFO] PluginManager:220 - loadIPPluginJar : add i2s
2024-08-12 15:45:13,412 [INFO] IPUIPlugin:80 - create IPUIPlugin
2024-08-12 15:45:13,412 [INFO] PluginManager:220 - loadIPPluginJar : add i3c
2024-08-12 15:45:13,538 [INFO] IPUIPlugin:80 - create IPUIPlugin
2024-08-12 15:45:13,538 [INFO] PluginManager:220 - loadIPPluginJar : add ipddr
2024-08-12 15:45:13,547 [INFO] ThirdPartyUpdaterWithRetryManager:70 - Updater plugin not ready yet. [3/15]
2024-08-12 15:45:13,651 [INFO] IPUIPlugin:80 - create IPUIPlugin
2024-08-12 15:45:13,651 [INFO] PluginManager:220 - loadIPPluginJar : add linkedlist
2024-08-12 15:45:13,693 [INFO] IPUIPlugin:80 - create IPUIPlugin
2024-08-12 15:45:13,693 [INFO] PluginManager:220 - loadIPPluginJar : add lorawan
2024-08-12 15:45:13,737 [INFO] IPUIPlugin:80 - create IPUIPlugin
2024-08-12 15:45:13,737 [INFO] PluginManager:220 - loadIPPluginJar : add ltdc
2024-08-12 15:45:13,753 [INFO] IPUIPlugin:80 - create IPUIPlugin
2024-08-12 15:45:13,753 [INFO] PluginManager:220 - loadIPPluginJar : add mdma
2024-08-12 15:45:13,767 [INFO] IPUIPlugin:80 - create IPUIPlugin
2024-08-12 15:45:13,767 [INFO] PluginManager:220 - loadIPPluginJar : add nvic
2024-08-12 15:45:13,818 [INFO] IPUIPlugin:80 - create IPUIPlugin
2024-08-12 15:45:13,818 [INFO] PluginManager:220 - loadIPPluginJar : add opamp
2024-08-12 15:45:13,894 [INFO] IPUIPlugin:80 - create IPUIPlugin
2024-08-12 15:45:13,894 [INFO] PluginManager:220 - loadIPPluginJar : add openamp
2024-08-12 15:45:13,947 [INFO] IPUIPlugin:80 - create IPUIPlugin
2024-08-12 15:45:13,947 [INFO] PluginManager:220 - loadIPPluginJar : add pdm2pcm
2024-08-12 15:45:13,963 [INFO] IPUIPlugin:80 - create IPUIPlugin
2024-08-12 15:45:13,965 [INFO] PluginManager:220 - loadIPPluginJar : add plateformsettings
2024-08-12 15:45:13,991 [INFO] IPUIPlugin:80 - create IPUIPlugin
2024-08-12 15:45:13,991 [INFO] PluginManager:220 - loadIPPluginJar : add quadspi
2024-08-12 15:45:14,023 [INFO] IPUIPlugin:80 - create IPUIPlugin
2024-08-12 15:45:14,023 [INFO] PluginManager:220 - loadIPPluginJar : add radio
2024-08-12 15:45:14,037 [INFO] IPUIPlugin:80 - create IPUIPlugin
2024-08-12 15:45:14,037 [INFO] PluginManager:220 - loadIPPluginJar : add resmgrutility
2024-08-12 15:45:14,096 [INFO] IPUIPlugin:80 - create IPUIPlugin
2024-08-12 15:45:14,096 [INFO] PluginManager:220 - loadIPPluginJar : add sai
2024-08-12 15:45:14,140 [INFO] IPUIPlugin:80 - create IPUIPlugin
2024-08-12 15:45:14,140 [INFO] PluginManager:220 - loadIPPluginJar : add spi
2024-08-12 15:45:14,226 [INFO] IPUIPlugin:80 - create IPUIPlugin
2024-08-12 15:45:14,226 [INFO] PluginManager:220 - loadIPPluginJar : add stm32_wpan
2024-08-12 15:45:14,252 [INFO] IPUIPlugin:80 - create IPUIPlugin
2024-08-12 15:45:14,253 [INFO] PluginManager:220 - loadIPPluginJar : add tim
2024-08-12 15:45:14,327 [INFO] IPUIPlugin:80 - create IPUIPlugin
2024-08-12 15:45:14,328 [INFO] PluginManager:220 - loadIPPluginJar : add touchsensing
2024-08-12 15:45:14,355 [INFO] IPUIPlugin:80 - create IPUIPlugin
2024-08-12 15:45:14,355 [INFO] PluginManager:220 - loadIPPluginJar : add tracer_emb
2024-08-12 15:45:14,382 [INFO] IPUIPlugin:80 - create IPUIPlugin
2024-08-12 15:45:14,383 [INFO] PluginManager:220 - loadIPPluginJar : add ts
2024-08-12 15:45:14,409 [INFO] IPUIPlugin:80 - create IPUIPlugin
2024-08-12 15:45:14,409 [INFO] PluginManager:220 - loadIPPluginJar : add tsc
2024-08-12 15:45:14,435 [INFO] IPUIPlugin:80 - create IPUIPlugin
2024-08-12 15:45:14,435 [INFO] PluginManager:220 - loadIPPluginJar : add ucpd
2024-08-12 15:45:14,487 [INFO] IPUIPlugin:80 - create IPUIPlugin
2024-08-12 15:45:14,487 [INFO] PluginManager:220 - loadIPPluginJar : add usart
2024-08-12 15:45:14,538 [INFO] IPUIPlugin:80 - create IPUIPlugin
2024-08-12 15:45:14,538 [INFO] PluginManager:220 - loadIPPluginJar : add usbx
2024-08-12 15:45:14,679 [INFO] CADModel:165 - CPN selected for project level
2024-08-12 15:45:14,679 [INFO] CADModel:114 - Register for checkConnection events
2024-08-12 15:45:14,679 [FATAL] Updater:334 - Updater called before beeing initialized
2024-08-12 15:45:14,679 [ERROR] CADModel:125 - Updater not yet initialized, retry later 
2024-08-12 15:45:14,818 [INFO] CADModel:165 - CPN selected for project level
2024-08-12 15:45:14,818 [INFO] CADModel:114 - Register for checkConnection events
2024-08-12 15:45:14,818 [FATAL] Updater:334 - Updater called before beeing initialized
2024-08-12 15:45:14,818 [ERROR] CADModel:125 - Updater not yet initialized, retry later 
2024-08-12 15:45:14,822 [FATAL] Updater:334 - Updater called before beeing initialized
2024-08-12 15:45:14,970 [FATAL] Updater:334 - Updater called before beeing initialized
2024-08-12 15:45:14,982 [INFO] DbMcusAds:53 - JSON generation date=Thu May 16 04:22:00 COT 2024 (1715851320667)
2024-08-12 15:45:14,982 [FATAL] Updater:334 - Updater called before beeing initialized
2024-08-12 15:45:15,029 [WARN] DetailPanel:346 - Failed to get advertising image, set to default
2024-08-12 15:45:15,143 [FATAL] Updater:334 - Updater called before beeing initialized
2024-08-12 15:45:15,146 [FATAL] Updater:334 - Updater called before beeing initialized
2024-08-12 15:45:15,146 [FATAL] Updater:334 - Updater called before beeing initialized
2024-08-12 15:45:15,146 [WARN] DetailPanel:346 - Failed to get advertising image, set to default
2024-08-12 15:45:15,147 [FATAL] Updater:334 - Updater called before beeing initialized
2024-08-12 15:45:15,247 [ERROR] Updater:1164 - MainUpdater not yet initialized. External WinMGr cannot be set.
2024-08-12 15:45:15,266 [INFO] Updater:1100 - Updater Version found : 6.12.0
2024-08-12 15:45:15,301 [INFO] ApplicationProperties:184 - Using Application install path: C:\ST\STM32CubeIDE_1.14.1\STM32CubeIDE\plugins\com.st.stm32cube.common.mx_6.12.0.202406281431
2024-08-12 15:45:16,549 [INFO] ThirdPartyUpdaterWithRetryManager:70 - Updater plugin not ready yet. [4/15]
2024-08-12 15:45:16,882 [ERROR] LogOutputStream:75 - [STDERR_REDIRECT] Aug 12, 2024 3:45:16 PM java.util.prefs.WindowsPreferences <init>
2024-08-12 15:45:16,884 [ERROR] LogOutputStream:75 - [STDERR_REDIRECT] WARNING: Could not open/create prefs root node Software\JavaSoft\Prefs at root 0xffffffff80000002. Windows RegCreateKeyEx(...) returned error code 5.
2024-08-12 15:45:16,884 [ERROR] LogOutputStream:75 - [STDERR_REDIRECT] 
2024-08-12 15:45:17,178 [INFO] MainUpdater:2873 - connection check result : 22
2024-08-12 15:45:17,179 [INFO] MainUpdater:290 - Updater Check For Update Now.
2024-08-12 15:45:17,179 [INFO] MicroXplorer:498 - Change Database Version : DB.6.0.120
2024-08-12 15:45:17,202 [INFO] McuFinderGlobals:63 - Set McuFinder mode to 2 (CubeIDE integrated)
2024-08-12 15:45:17,213 [INFO] UserAuth:417 - Internet connection configuration mode: 2
2024-08-12 15:45:17,225 [INFO] UserAuth:417 - Internet connection configuration mode: 2
2024-08-12 15:45:17,471 [INFO] CheckServerUpdateThread:120 - End of CheckServer Thread
2024-08-12 15:45:19,780 [WARN] PackLoader:240 - Cannot read IP mode file for STMicroelectronics.FP-SNS-MOTENVWB1.1.4.0
2024-08-12 15:45:19,800 [WARN] PackLoader:240 - Cannot read IP mode file for STMicroelectronics.X-CUBE-SMBUS.2.1.0
2024-08-12 15:45:19,815 [WARN] PackLoader:240 - Cannot read IP mode file for STMicroelectronics.X-CUBE-TOUCHGFX.4.23.0
2024-08-12 15:45:19,828 [WARN] PackLoader:240 - Cannot read IP mode file for STMicroelectronics.X-CUBE-TOUCHGFX.4.23.2
2024-08-12 15:45:19,890 [WARN] PackLoader:240 - Cannot read IP mode file for STMicroelectronics.X-CUBE-AZRTOS-F7.1.1.0
2024-08-12 15:45:19,917 [WARN] PackLoader:240 - Cannot read IP mode file for STMicroelectronics.FP-SNS-MOTENV1.4.3.2
2024-08-12 15:45:19,939 [WARN] PackLoader:240 - Cannot read IP mode file for STMicroelectronics.FP-SNS-FLIGHT1.5.0.2
2024-08-12 15:45:19,963 [WARN] PackLoader:240 - Cannot read IP mode file for STMicroelectronics.X-CUBE-DISPLAY.3.0.0
2024-08-12 15:45:19,987 [WARN] PackLoader:240 - Cannot read IP mode file for STMicroelectronics.X-CUBE-BLE1.7.0.0
2024-08-12 15:45:20,006 [WARN] PackLoader:240 - Cannot read IP mode file for emotas.I-CUBE-CANOPEN.1.3.0
2024-08-12 15:45:20,037 [WARN] PackLoader:240 - Cannot read IP mode file for STMicroelectronics.X-CUBE-BLEMGR.3.1.0
2024-08-12 15:45:20,058 [WARN] PackLoader:240 - Cannot read IP mode file for STMicroelectronics.FP-SNS-SMARTAG2.1.2.0
2024-08-12 15:45:20,081 [INFO] LogOutputStream:77 - [STDOUT_REDIRECT] 1 : Invalid condition id : UX_CORESTACK_Condition cause : null
2024-08-12 15:45:20,081 [INFO] LogOutputStream:77 - [STDOUT_REDIRECT] 1 : Invalid condition id : UX_CORESTACK_Condition cause : null
2024-08-12 15:45:20,084 [INFO] LogOutputStream:77 - [STDOUT_REDIRECT] 1 : Invalid condition id : UX_CORESTACK_Condition cause : null
2024-08-12 15:45:20,085 [INFO] LogOutputStream:77 - [STDOUT_REDIRECT] 1 : Invalid condition id : UX_CORESTACK_Condition cause : null
2024-08-12 15:45:20,087 [INFO] LogOutputStream:77 - [STDOUT_REDIRECT] 1 : Invalid condition id : UX_CORESTACK_Condition cause : null
2024-08-12 15:45:20,091 [WARN] PackLoader:240 - Cannot read IP mode file for STMicroelectronics.X-CUBE-AZRTOS-WL.2.0.0
2024-08-12 15:45:20,107 [WARN] PackLoader:240 - Cannot read IP mode file for STMicroelectronics.FP-SNS-MOTENV1.5.0.0
2024-08-12 15:45:20,121 [WARN] PackLoader:240 - Cannot read IP mode file for wolfSSL.I-CUBE-wolfMQTT.1.19.0
2024-08-12 15:45:20,138 [WARN] PackLoader:240 - Cannot read IP mode file for WES.I-CUBE-Cesium.1.3.0
2024-08-12 15:45:20,152 [WARN] PackLoader:240 - Cannot read IP mode file for STMicroelectronics.X-CUBE-BLE2.3.3.0
2024-08-12 15:45:20,167 [WARN] PackLoader:240 - Cannot read IP mode file for STMicroelectronics.X-CUBE-TCPP.4.1.0
2024-08-12 15:45:20,184 [WARN] PackLoader:240 - Cannot read IP mode file for STMicroelectronics.X-CUBE-ALGOBUILD.1.3.0
2024-08-12 15:45:20,226 [WARN] PackLoader:240 - Cannot read IP mode file for STMicroelectronics.X-CUBE-AZRTOS-G0.1.1.0
2024-08-12 15:45:20,252 [WARN] PackLoader:240 - Cannot read IP mode file for STMicroelectronics.X-CUBE-SAFEA1.1.2.2
2024-08-12 15:45:20,273 [WARN] PackLoader:240 - Cannot read IP mode file for STMicroelectronics.X-CUBE-NFC4.3.0.0
2024-08-12 15:45:20,304 [WARN] PackLoader:240 - Cannot read IP mode file for EmbeddedOffice.I-CUBE-FS-RTOS.1.0.1
2024-08-12 15:45:20,305 [ERROR] ConditionMgr:805 - Attr not supported : Dmpu
2024-08-12 15:45:20,305 [ERROR] ConditionMgr:805 - Attr not supported : Dmpu
2024-08-12 15:45:20,305 [ERROR] ConditionMgr:805 - Attr not supported : Dmpu
2024-08-12 15:45:20,305 [ERROR] ConditionMgr:805 - Attr not supported : Dmpu
2024-08-12 15:45:20,305 [ERROR] ConditionMgr:805 - Attr not supported : Dmpu
2024-08-12 15:45:20,305 [ERROR] ConditionMgr:805 - Attr not supported : Dmpu
2024-08-12 15:45:20,305 [ERROR] ConditionMgr:805 - Attr not supported : Dmpu
2024-08-12 15:45:20,305 [ERROR] ConditionMgr:805 - Attr not supported : Dmpu
2024-08-12 15:45:20,305 [ERROR] ConditionMgr:805 - Attr not supported : Dmpu
2024-08-12 15:45:20,305 [ERROR] ConditionMgr:805 - Attr not supported : Dmpu
2024-08-12 15:45:20,306 [ERROR] ConditionMgr:805 - Attr not supported : Dmpu
2024-08-12 15:45:20,306 [ERROR] ConditionMgr:805 - Attr not supported : Dmpu
2024-08-12 15:45:20,306 [ERROR] ConditionMgr:805 - Attr not supported : Dmpu
2024-08-12 15:45:20,306 [ERROR] ConditionMgr:805 - Attr not supported : Dmpu
2024-08-12 15:45:20,306 [ERROR] ConditionMgr:805 - Attr not supported : Dmpu
2024-08-12 15:45:20,306 [ERROR] ConditionMgr:805 - Attr not supported : Dmpu
2024-08-12 15:45:20,306 [ERROR] ConditionMgr:805 - Attr not supported : Dmpu
2024-08-12 15:45:20,306 [ERROR] ConditionMgr:805 - Attr not supported : Dmpu
2024-08-12 15:45:20,306 [ERROR] ConditionMgr:805 - Attr not supported : Dmpu
2024-08-12 15:45:20,306 [ERROR] ConditionMgr:805 - Attr not supported : Dmpu
2024-08-12 15:45:20,306 [ERROR] ConditionMgr:805 - Attr not supported : Dmpu
2024-08-12 15:45:20,307 [ERROR] ConditionMgr:805 - Attr not supported : Dmpu
2024-08-12 15:45:20,307 [ERROR] ConditionMgr:805 - Attr not supported : Dmpu
2024-08-12 15:45:20,307 [ERROR] ConditionMgr:805 - Attr not supported : Dmpu
2024-08-12 15:45:20,307 [ERROR] ConditionMgr:805 - Attr not supported : Dmpu
2024-08-12 15:45:20,307 [ERROR] ConditionMgr:805 - Attr not supported : Dmpu
2024-08-12 15:45:20,307 [ERROR] ConditionMgr:805 - Attr not supported : Dmpu
2024-08-12 15:45:20,307 [ERROR] ConditionMgr:805 - Attr not supported : Dmpu
2024-08-12 15:45:20,307 [ERROR] ConditionMgr:805 - Attr not supported : Dmpu
2024-08-12 15:45:20,307 [ERROR] ConditionMgr:805 - Attr not supported : Dmpu
2024-08-12 15:45:20,307 [ERROR] ConditionMgr:805 - Attr not supported : Dmpu
2024-08-12 15:45:20,308 [ERROR] ConditionMgr:805 - Attr not supported : Dmpu
2024-08-12 15:45:20,308 [ERROR] ConditionMgr:805 - Attr not supported : Dmpu
2024-08-12 15:45:20,308 [ERROR] ConditionMgr:805 - Attr not supported : Dmpu
2024-08-12 15:45:20,308 [ERROR] ConditionMgr:805 - Attr not supported : Dmpu
2024-08-12 15:45:20,308 [ERROR] ConditionMgr:805 - Attr not supported : Dmpu
2024-08-12 15:45:20,308 [ERROR] ConditionMgr:805 - Attr not supported : Dmpu
2024-08-12 15:45:20,308 [ERROR] ConditionMgr:805 - Attr not supported : Dmpu
2024-08-12 15:45:20,308 [ERROR] ConditionMgr:805 - Attr not supported : Dmpu
2024-08-12 15:45:20,308 [ERROR] ConditionMgr:805 - Attr not supported : Dmpu
2024-08-12 15:45:20,308 [ERROR] ConditionMgr:805 - Attr not supported : Dmpu
2024-08-12 15:45:20,309 [ERROR] ConditionMgr:805 - Attr not supported : Dmpu
2024-08-12 15:45:20,309 [ERROR] ConditionMgr:805 - Attr not supported : Dmpu
2024-08-12 15:45:20,309 [ERROR] ConditionMgr:805 - Attr not supported : Dmpu
2024-08-12 15:45:20,309 [ERROR] ConditionMgr:805 - Attr not supported : Dmpu
2024-08-12 15:45:20,309 [ERROR] ConditionMgr:805 - Attr not supported : Dmpu
2024-08-12 15:45:20,309 [ERROR] ConditionMgr:805 - Attr not supported : Dmpu
2024-08-12 15:45:20,309 [ERROR] ConditionMgr:805 - Attr not supported : Dmpu
2024-08-12 15:45:20,309 [ERROR] ConditionMgr:805 - Attr not supported : Dmpu
2024-08-12 15:45:20,309 [ERROR] ConditionMgr:805 - Attr not supported : Dmpu
2024-08-12 15:45:20,309 [ERROR] ConditionMgr:805 - Attr not supported : Dmpu
2024-08-12 15:45:20,309 [ERROR] ConditionMgr:805 - Attr not supported : Dmpu
2024-08-12 15:45:20,309 [ERROR] ConditionMgr:805 - Attr not supported : Dmpu
2024-08-12 15:45:20,310 [ERROR] ConditionMgr:805 - Attr not supported : Dmpu
2024-08-12 15:45:20,310 [ERROR] ConditionMgr:805 - Attr not supported : Dmpu
2024-08-12 15:45:20,310 [ERROR] ConditionMgr:805 - Attr not supported : Dmpu
2024-08-12 15:45:20,310 [ERROR] ConditionMgr:805 - Attr not supported : Dmpu
2024-08-12 15:45:20,310 [ERROR] ConditionMgr:805 - Attr not supported : Dmpu
2024-08-12 15:45:20,310 [ERROR] ConditionMgr:805 - Attr not supported : Dmpu
2024-08-12 15:45:20,310 [ERROR] ConditionMgr:805 - Attr not supported : Dmpu
2024-08-12 15:45:20,310 [ERROR] ConditionMgr:805 - Attr not supported : Dmpu
2024-08-12 15:45:20,310 [ERROR] ConditionMgr:805 - Attr not supported : Dmpu
2024-08-12 15:45:20,310 [ERROR] ConditionMgr:805 - Attr not supported : Dmpu
2024-08-12 15:45:20,310 [ERROR] ConditionMgr:805 - Attr not supported : Dmpu
2024-08-12 15:45:20,334 [WARN] PackLoader:240 - Cannot read IP mode file for RealThread.X-CUBE-RT-Thread_Nano.4.1.1
2024-08-12 15:45:20,352 [WARN] PackLoader:240 - Cannot read IP mode file for STMicroelectronics.FP-ATR-SIGFOX1.3.2.0
2024-08-12 15:45:20,376 [WARN] PackLoader:240 - Cannot read IP mode file for STMicroelectronics.X-CUBE-EEPRMA1.5.1.0
2024-08-12 15:45:20,438 [WARN] PackLoader:240 - Cannot read IP mode file for SEGGER.I-CUBE-embOS.1.3.1
2024-08-12 15:45:20,548 [WARN] PackLoader:240 - Cannot read IP mode file for STMicroelectronics.X-CUBE-ALGOBUILD.1.4.0
2024-08-12 15:45:20,608 [WARN] PackLoader:240 - Cannot read IP mode file for STMicroelectronics.X-CUBE-GNSS1.6.0.0
2024-08-12 15:45:20,745 [WARN] PackLoader:240 - Cannot read IP mode file for STMicroelectronics.X-CUBE-AZRTOS-F4.1.1.0
2024-08-12 15:45:20,830 [WARN] PackLoader:240 - Cannot read IP mode file for STMicroelectronics.X-CUBE-FREERTOS.1.2.0
2024-08-12 15:45:20,887 [WARN] PackLoader:240 - Cannot read IP mode file for wolfSSL.I-CUBE-wolfSSL.5.6.6
2024-08-12 15:45:21,024 [WARN] PackLoader:240 - Cannot read IP mode file for STMicroelectronics.X-CUBE-AZRTOS-L5.2.0.0
2024-08-12 15:45:21,108 [WARN] PackLoader:240 - Cannot read IP mode file for STMicroelectronics.X-CUBE-NFC6.3.1.0
2024-08-12 15:45:21,182 [WARN] PackLoader:240 - Cannot read IP mode file for ITTIA_DB.I-CUBE-ITTIADB.8.8.0
2024-08-12 15:45:21,249 [WARN] PackLoader:240 - Cannot read IP mode file for STMicroelectronics.X-CUBE-DPower.1.2.0
2024-08-12 15:45:21,312 [WARN] PackLoader:240 - Cannot read IP mode file for STMicroelectronics.X-CUBE-AI.9.0.0
2024-08-12 15:45:21,366 [WARN] PackLoader:240 - Cannot read IP mode file for STMicroelectronics.X-CUBE-NFC7.1.0.1
2024-08-12 15:45:21,415 [WARN] PackLoader:240 - Cannot read IP mode file for wolfSSL.I-CUBE-wolfTPM.3.2.0
2024-08-12 15:45:21,484 [WARN] PackLoader:240 - Cannot read IP mode file for STMicroelectronics.X-CUBE-NFC6.3.0.0
2024-08-12 15:45:21,545 [WARN] PackLoader:240 - Cannot read IP mode file for STMicroelectronics.X-CUBE-AI.8.1.0
2024-08-12 15:45:21,672 [WARN] ConditionMgr:438 - getConditionDescription Invalid condition id : LAN8742 Phy interface Condition cause : null
2024-08-12 15:45:21,676 [WARN] PackLoader:240 - Cannot read IP mode file for STMicroelectronics.X-CUBE-AZRTOS-L4.2.0.0
2024-08-12 15:45:21,684 [WARN] ConditionMgr:1039 - genDependencies : Invalid condition id : LAN8742 Phy interface Condition cause : null
2024-08-12 15:45:21,685 [WARN] ConditionMgr:1039 - genDependencies : Invalid condition id : LAN8742 Phy interface Condition cause : null
2024-08-12 15:45:21,688 [WARN] ConditionMgr:1039 - genDependencies : Invalid condition id : LAN8742 Phy interface Condition cause : null
2024-08-12 15:45:21,770 [WARN] PackLoader:240 - Cannot read IP mode file for STMicroelectronics.X-CUBE-SFXS2LP1.4.0.0
2024-08-12 15:45:21,911 [WARN] ConditionMgr:438 - getConditionDescription Invalid condition id : UX DEVICE CLASS RTOS Condition cause : null
2024-08-12 15:45:21,913 [WARN] ConditionMgr:438 - getConditionDescription Invalid condition id : UX DEVICE CLASS RTOS Condition cause : null
2024-08-12 15:45:21,925 [WARN] PackLoader:240 - Cannot read IP mode file for STMicroelectronics.X-CUBE-AZRTOS-WB.2.0.0
2024-08-12 15:45:21,928 [WARN] ConditionMgr:1039 - genDependencies : Invalid condition id : UX DEVICE CLASS RTOS Condition cause : null
2024-08-12 15:45:21,928 [WARN] ConditionMgr:1039 - genDependencies : Invalid condition id : UX DEVICE CLASS RTOS Condition cause : null
2024-08-12 15:45:21,931 [WARN] ConditionMgr:1039 - genDependencies : Invalid condition id : UX DEVICE CLASS RTOS Condition cause : null
2024-08-12 15:45:21,932 [WARN] ConditionMgr:1039 - genDependencies : Invalid condition id : UX DEVICE CLASS RTOS Condition cause : null
2024-08-12 15:45:21,933 [WARN] ConditionMgr:1039 - genDependencies : Invalid condition id : UX DEVICE CLASS RTOS Condition cause : null
2024-08-12 15:45:22,010 [WARN] PackLoader:240 - Cannot read IP mode file for STMicroelectronics.FP-SNS-STBOX1.2.0.0
2024-08-12 15:45:22,128 [WARN] PackLoader:240 - Cannot read IP mode file for STMicroelectronics.X-CUBE-SUBG2.5.0.0
2024-08-12 15:45:22,290 [WARN] PackLoader:240 - Cannot read IP mode file for Cesanta.I-CUBE-Mongoose.7.13.0
2024-08-12 15:45:22,433 [WARN] PackLoader:240 - Cannot read IP mode file for STMicroelectronics.X-CUBE-AZRTOS-G4.2.0.0
2024-08-12 15:45:22,555 [WARN] PackLoader:240 - Cannot read IP mode file for Infineon.AIROC-Wi-Fi-Bluetooth-STM32.1.5.1
2024-08-12 15:45:22,622 [WARN] PackLoader:240 - Cannot read IP mode file for STMicroelectronics.FP-SNS-MOTENVWB1.1.3.1
2024-08-12 15:45:22,663 [WARN] PackLoader:240 - Cannot read IP mode file for STMicroelectronics.X-CUBE-ISPU.2.0.0
2024-08-12 15:45:22,707 [WARN] PackLoader:240 - Cannot read IP mode file for STMicroelectronics.X-CUBE-ALS.1.0.2
2024-08-12 15:45:22,911 [WARN] PackLoader:240 - Cannot read IP mode file for STMicroelectronics.X-CUBE-MEMS1.10.0.0
2024-08-12 15:45:23,584 [WARN] PackLoader:240 - Cannot read IP mode file for STMicroelectronics.X-CUBE-FREERTOS.1.1.0
2024-08-12 15:45:23,639 [WARN] PackLoader:240 - Cannot read IP mode file for STMicroelectronics.X-CUBE-TOUCHGFX.4.24.0
2024-08-12 15:45:23,688 [WARN] PackLoader:240 - Cannot read IP mode file for portGmbH.I-Cube-SoM-uGOAL.1.1.0
2024-08-12 15:45:23,729 [WARN] PackLoader:240 - Cannot read IP mode file for STMicroelectronics.X-CUBE-ALS.1.0.1
2024-08-12 15:45:23,841 [WARN] PackLoader:240 - Cannot read IP mode file for STMicroelectronics.X-CUBE-AZRTOS-H7RS.1.0.0
2024-08-12 15:45:23,888 [WARN] PackLoader:240 - Cannot read IP mode file for STMicroelectronics.FP-ATR-ASTRA1.2.0.0
2024-08-12 15:45:23,977 [WARN] PackLoader:240 - Cannot read IP mode file for STMicroelectronics.X-CUBE-TOF1.3.4.2
2024-08-12 15:45:24,152 [WARN] PackLoader:240 - Cannot read IP mode file for STMicroelectronics.X-CUBE-TOF1.3.4.0
2024-08-12 15:45:24,319 [WARN] PackLoader:240 - Cannot read IP mode file for STMicroelectronics.X-CUBE-TOF1.3.4.1
2024-08-12 15:45:24,589 [WARN] PackLoader:240 - Cannot read IP mode file for STMicroelectronics.X-CUBE-AZRTOS-H7.3.2.0
2024-08-12 15:45:24,665 [WARN] PackLoader:240 - Cannot read IP mode file for wolfSSL.I-CUBE-wolfSSH.1.4.17
2024-08-12 15:45:24,667 [INFO] ThirdParty:978 - Integrity check success = true
2024-08-12 15:45:24,668 [INFO] IntegrityCheckThread:100 - exiting critical section [integrity check]
2024-08-12 15:45:24,668 [INFO] IntegrityCheckThread:103 - End integrity checks thread
