2024-08-05 18:19:23,809 [INFO] Activator:176 - 


2024-08-05 18:19:23,816 [INFO] Activator:177 - !SESSION log4j initialized
2024-08-05 18:19:43,368 [INFO] LogOutputStream:77 - [STDOUT_REDIRECT] 
2024-08-05 18:19:52,593 [INFO] ApplicationProperties:184 - Using Application install path: C:\ST\STM32CubeIDE_1.14.1\STM32CubeIDE\plugins\com.st.stm32cube.common.mx_6.10.0.202311202037
2024-08-05 18:19:52,660 [INFO] DbMcusXml:78 - Set database path to: C:\ST\STM32CubeIDE_1.14.1\STM32CubeIDE\plugins\com.st.stm32cube.common.mx_6.10.0.202311202037\\db\/mcu/
2024-08-05 18:19:52,662 [INFO] ApiDb:274 - Set plugin database path to: C:\ST\STM32CubeIDE_1.14.1\STM32CubeIDE\plugins\com.st.stm32cube.common.mx_6.10.0.202311202037\\db\/plugins/boardmanager/
2024-08-05 18:19:52,664 [WARN] ApiDb:259 - Overriding images path with different value:  => C:\ST\STM32CubeIDE_1.14.1\STM32CubeIDE\plugins\com.st.stm32cube.common.mx_6.10.0.202311202037\\db\/plugins/mcufinder/images/
2024-08-05 18:19:52,692 [INFO] ApiDb:250 - Set database path to: C:\Users\PISSO\.stmcufinder\plugins\mcufinder//mcu/
2024-08-05 18:19:52,697 [INFO] DbMcusAds:125 - Set database path to: C:\Users\PISSO\.stmcufinder\plugins\mcufinder//mcu/
2024-08-05 18:19:52,705 [INFO] CrossReferenceDbSqlite:203 - Set database path to: C:\Users\PISSO\.stmcufinder\plugins\mcufinder//mcu/cs/
2024-08-05 18:19:53,205 [INFO] RulesReader:64 - Compatibility file has been processed (297 Rules)
2024-08-05 18:19:53,547 [INFO] DbMcusXml:78 - Set database path to: C:\ST\STM32CubeIDE_1.14.1\STM32CubeIDE\plugins\com.st.stm32cube.common.mx_6.10.0.202311202037\\db\/mcu/
2024-08-05 18:19:53,547 [INFO] ApiDb:274 - Set plugin database path to: C:\ST\STM32CubeIDE_1.14.1\STM32CubeIDE\plugins\com.st.stm32cube.common.mx_6.10.0.202311202037\\db\/plugins/boardmanager/
2024-08-05 18:19:53,548 [INFO] ApiDb:261 - Set plugin images path to: C:\ST\STM32CubeIDE_1.14.1\STM32CubeIDE\plugins\com.st.stm32cube.common.mx_6.10.0.202311202037\\db\/plugins/mcufinder/images/
2024-08-05 18:19:53,549 [WARN] DbFile:41 - Overriding database path with different value: C:\Users\PISSO\.stmcufinder\plugins\mcufinder/ => C:\Users\PISSO\.stmcufinder\plugins\mcufinder
2024-08-05 18:19:53,550 [INFO] ApiDb:250 - Set database path to: C:\Users\PISSO\.stmcufinder\plugins\mcufinder//mcu/
2024-08-05 18:19:53,551 [WARN] DbFile:41 - Overriding database path with different value: C:\Users\PISSO\.stmcufinder\plugins\mcufinder/ => C:\Users\PISSO\.stmcufinder\plugins\mcufinder
2024-08-05 18:19:53,551 [INFO] DbMcusAds:125 - Set database path to: C:\Users\PISSO\.stmcufinder\plugins\mcufinder//mcu/
2024-08-05 18:19:53,552 [WARN] DbFile:41 - Overriding database path with different value: C:\Users\PISSO\.stmcufinder\plugins\mcufinder/ => C:\Users\PISSO\.stmcufinder\plugins\mcufinder
2024-08-05 18:19:53,552 [WARN] DbFile:41 - Overriding database path with different value: C:\Users\PISSO\.stmcufinder\plugins\mcufinder/ => C:\Users\PISSO\.stmcufinder\plugins\mcufinder
2024-08-05 18:19:53,553 [INFO] CrossReferenceDbSqlite:203 - Set database path to: C:\Users\PISSO\.stmcufinder\plugins\mcufinder//mcu/cs/
2024-08-05 18:19:53,853 [INFO] MainPanel:264 - HeapMemory: 268435456
2024-08-05 18:19:54,184 [INFO] DbMcusXml:78 - Set database path to: C:\ST\STM32CubeIDE_1.14.1\STM32CubeIDE\plugins\com.st.stm32cube.common.mx_6.10.0.202311202037\\db\/mcu/
2024-08-05 18:19:54,185 [INFO] ApiDb:274 - Set plugin database path to: C:\ST\STM32CubeIDE_1.14.1\STM32CubeIDE\plugins\com.st.stm32cube.common.mx_6.10.0.202311202037\\db\/plugins/boardmanager/
2024-08-05 18:19:54,185 [INFO] ApiDb:261 - Set plugin images path to: C:\ST\STM32CubeIDE_1.14.1\STM32CubeIDE\plugins\com.st.stm32cube.common.mx_6.10.0.202311202037\\db\/plugins/mcufinder/images/
2024-08-05 18:19:54,187 [WARN] DbFile:41 - Overriding database path with different value: C:\Users\PISSO\.stmcufinder\plugins\mcufinder/ => C:\Users\PISSO\.stmcufinder\plugins\mcufinder
2024-08-05 18:19:54,187 [INFO] ApiDb:250 - Set database path to: C:\Users\PISSO\.stmcufinder\plugins\mcufinder//mcu/
2024-08-05 18:19:54,188 [WARN] DbFile:41 - Overriding database path with different value: C:\Users\PISSO\.stmcufinder\plugins\mcufinder/ => C:\Users\PISSO\.stmcufinder\plugins\mcufinder
2024-08-05 18:19:54,188 [INFO] DbMcusAds:125 - Set database path to: C:\Users\PISSO\.stmcufinder\plugins\mcufinder//mcu/
2024-08-05 18:19:54,189 [WARN] DbFile:41 - Overriding database path with different value: C:\Users\PISSO\.stmcufinder\plugins\mcufinder/ => C:\Users\PISSO\.stmcufinder\plugins\mcufinder
2024-08-05 18:19:54,189 [WARN] DbFile:41 - Overriding database path with different value: C:\Users\PISSO\.stmcufinder\plugins\mcufinder/ => C:\Users\PISSO\.stmcufinder\plugins\mcufinder
2024-08-05 18:19:54,189 [INFO] CrossReferenceDbSqlite:203 - Set database path to: C:\Users\PISSO\.stmcufinder\plugins\mcufinder//mcu/cs/
2024-08-05 18:19:54,261 [INFO] ApplicationProperties:184 - Using Application install path: C:\ST\STM32CubeIDE_1.14.1\STM32CubeIDE\plugins\com.st.stm32cube.common.mx_6.10.0.202311202037
2024-08-05 18:19:54,267 [INFO] PluginManage:196 - Search for loadable plugins [exclusion list=, ]
2024-08-05 18:19:54,271 [INFO] PluginManage:310 - Check plugin analytics
2024-08-05 18:20:00,224 [INFO] AnalyticsPlugin:253 - Accepted Software Licenses: 
2024-08-05 18:20:00,225 [INFO] AnalyticsPlugin:255 - Accepted CMSIS Pack Licenses: 
2024-08-05 18:20:00,226 [INFO] AnalyticsPlugin:257 - Accepted Firmware Licenses: FW.L4.1.18.0
2024-08-05 18:20:00,238 [INFO] PluginManage:359 - Loaded plugin analytics (category:tool,tabindex:-1)
2024-08-05 18:20:00,240 [INFO] PluginManage:310 - Check plugin cadmodel
2024-08-05 18:20:00,317 [INFO] CADModel:105 - Init CAD model plugin
2024-08-05 18:20:00,318 [INFO] PluginManage:359 - Loaded plugin cadmodel (category:power,tabindex:5)
2024-08-05 18:20:00,319 [INFO] PluginManage:310 - Check plugin clock
2024-08-05 18:20:00,397 [INFO] PluginManage:359 - Loaded plugin clock (category:base,tabindex:2)
2024-08-05 18:20:00,398 [INFO] PluginManage:310 - Check plugin ddr
2024-08-05 18:20:00,406 [INFO] PluginManage:359 - Loaded plugin ddr (category:tool,tabindex:6)
2024-08-05 18:20:00,407 [INFO] PluginManage:310 - Check plugin filemanager
2024-08-05 18:20:00,948 [INFO] PluginManage:359 - Loaded plugin filemanager (category:base,tabindex:10)
2024-08-05 18:20:00,949 [INFO] PluginManage:310 - Check plugin ipmanager
2024-08-05 18:20:00,975 [INFO] PluginManage:359 - Loaded plugin ipmanager (category:base,tabindex:5)
2024-08-05 18:20:00,976 [INFO] PluginManage:310 - Check plugin lpbam
2024-08-05 18:20:01,062 [INFO] PluginManage:359 - Loaded plugin lpbam (category:base,tabindex:0)
2024-08-05 18:20:01,063 [INFO] PluginManage:310 - Check plugin memorymap
2024-08-05 18:20:01,168 [INFO] PluginManage:359 - Loaded plugin memorymap (category:base,tabindex:4)
2024-08-05 18:20:01,169 [INFO] PluginManage:310 - Check plugin pinoutandconfiguration
2024-08-05 18:20:01,243 [INFO] PluginManage:359 - Loaded plugin pinoutandconfiguration (category:base,tabindex:1)
2024-08-05 18:20:01,243 [INFO] PluginManage:310 - Check plugin pinoutconfig
2024-08-05 18:20:01,665 [WARN] SupportedApi:132 - Cannot load RTOS API schema: s4s-elt-must-match.1: The content of 'definitions' must match (annotation?, (simpleType | complexType)?, (unique | key | keyref)*)). A problem was found starting at: attribute.
2024-08-05 18:20:02,206 [INFO] PluginManage:359 - Loaded plugin pinoutconfig (category:base,tabindex:0)
2024-08-05 18:20:02,207 [INFO] PluginManage:310 - Check plugin power
2024-08-05 18:20:02,288 [INFO] PluginManage:359 - Loaded plugin power (category:power,tabindex:4)
2024-08-05 18:20:02,289 [INFO] PluginManage:310 - Check plugin projectmanager
2024-08-05 18:20:02,362 [INFO] PluginManage:359 - Loaded plugin projectmanager (category:projectmanager,tabindex:3)
2024-08-05 18:20:02,362 [INFO] PluginManage:310 - Check plugin thirdparty
2024-08-05 18:20:03,482 [INFO] PluginManage:359 - Loaded plugin thirdparty (category:base,tabindex:-1)
2024-08-05 18:20:03,481 [WARN] IntegrityCheckThread:84 - waiting for thirdparty lock release [integrity check]
2024-08-05 18:20:03,483 [INFO] PluginManage:310 - Check plugin tools
2024-08-05 18:20:03,483 [INFO] IntegrityCheckThread:86 - entering critical section [integrity check]
2024-08-05 18:20:03,485 [INFO] ThirdPartyUpdaterWithRetryManager:70 - Updater plugin not ready yet. [1/15]
2024-08-05 18:20:03,653 [INFO] PluginManage:359 - Loaded plugin tools (category:base,tabindex:7)
2024-08-05 18:20:03,654 [INFO] PluginManage:310 - Check plugin tutovideos
2024-08-05 18:20:04,501 [INFO] PluginManage:359 - Loaded plugin tutovideos (category:base,tabindex:-1)
2024-08-05 18:20:04,502 [INFO] PluginManage:310 - Check plugin updater
2024-08-05 18:20:04,540 [INFO] PluginManage:359 - Loaded plugin updater (category:base,tabindex:12)
2024-08-05 18:20:04,541 [INFO] PluginManage:310 - Check plugin userauth
2024-08-05 18:20:04,560 [INFO] UserAuth:114 - Init User Auth plugin
2024-08-05 18:20:04,561 [INFO] PluginManage:359 - Loaded plugin userauth (category:base,tabindex:14)
2024-08-05 18:20:04,563 [INFO] PluginManage:283 - PluginManage : Loaded plugins [17]
2024-08-05 18:20:05,444 [INFO] PinOutPanel:1499 - setPackage(No Configuration,No Configuration)
2024-08-05 18:20:05,737 [INFO] CADModel:165 - CPN selected for project level
2024-08-05 18:20:05,738 [INFO] CADModel:114 - Register for checkConnection events
2024-08-05 18:20:05,844 [INFO] IPUIPlugin:80 - create IPUIPlugin
2024-08-05 18:20:05,844 [INFO] PluginManager:220 - loadIPPluginJar : add adc
2024-08-05 18:20:06,013 [INFO] IPUIPlugin:80 - create IPUIPlugin
2024-08-05 18:20:06,013 [INFO] PluginManager:220 - loadIPPluginJar : add aes
2024-08-05 18:20:06,211 [INFO] IPUIPlugin:80 - create IPUIPlugin
2024-08-05 18:20:06,212 [INFO] PluginManager:220 - loadIPPluginJar : add can
2024-08-05 18:20:06,318 [INFO] IPUIPlugin:80 - create IPUIPlugin
2024-08-05 18:20:06,319 [INFO] PluginManager:220 - loadIPPluginJar : add comp
2024-08-05 18:20:06,474 [INFO] IPUIPlugin:80 - create IPUIPlugin
2024-08-05 18:20:06,475 [INFO] PluginManager:220 - loadIPPluginJar : add cryp
2024-08-05 18:20:06,498 [INFO] ThirdPartyUpdaterWithRetryManager:70 - Updater plugin not ready yet. [2/15]
2024-08-05 18:20:06,616 [INFO] IPUIPlugin:80 - create IPUIPlugin
2024-08-05 18:20:06,617 [INFO] PluginManager:220 - loadIPPluginJar : add dfsdm
2024-08-05 18:20:06,677 [INFO] IPUIPlugin:80 - create IPUIPlugin
2024-08-05 18:20:06,679 [INFO] PluginManager:220 - loadIPPluginJar : add dma
2024-08-05 18:20:06,883 [INFO] IPUIPlugin:80 - create IPUIPlugin
2024-08-05 18:20:06,883 [INFO] PluginManager:220 - loadIPPluginJar : add dma3
2024-08-05 18:20:06,979 [INFO] IPUIPlugin:80 - create IPUIPlugin
2024-08-05 18:20:06,979 [INFO] PluginManager:220 - loadIPPluginJar : add fatfs
2024-08-05 18:20:07,198 [INFO] IPUIPlugin:80 - create IPUIPlugin
2024-08-05 18:20:07,198 [INFO] PluginManager:220 - loadIPPluginJar : add fmc
2024-08-05 18:20:07,264 [INFO] IPUIPlugin:80 - create IPUIPlugin
2024-08-05 18:20:07,265 [INFO] PluginManager:220 - loadIPPluginJar : add freertos
2024-08-05 18:20:07,361 [INFO] IPUIPlugin:80 - create IPUIPlugin
2024-08-05 18:20:07,362 [INFO] PluginManager:220 - loadIPPluginJar : add genericplugin
2024-08-05 18:20:07,807 [INFO] IPUIPlugin:80 - create IPUIPlugin
2024-08-05 18:20:07,808 [INFO] PluginManager:220 - loadIPPluginJar : add gfxmmu
2024-08-05 18:20:08,431 [INFO] IPUIPlugin:80 - create IPUIPlugin
2024-08-05 18:20:08,432 [INFO] PluginManager:220 - loadIPPluginJar : add gic
2024-08-05 18:20:08,489 [INFO] IPUIPlugin:80 - create IPUIPlugin
2024-08-05 18:20:08,490 [INFO] PluginManager:220 - loadIPPluginJar : add gpio
2024-08-05 18:20:08,921 [INFO] IPUIPlugin:80 - create IPUIPlugin
2024-08-05 18:20:08,921 [INFO] PluginManager:220 - loadIPPluginJar : add gtzc
2024-08-05 18:20:09,069 [INFO] IPUIPlugin:80 - create IPUIPlugin
2024-08-05 18:20:09,070 [INFO] PluginManager:220 - loadIPPluginJar : add hash
2024-08-05 18:20:09,318 [INFO] IPUIPlugin:80 - create IPUIPlugin
2024-08-05 18:20:09,319 [INFO] PluginManager:220 - loadIPPluginJar : add i2c
2024-08-05 18:20:09,501 [INFO] IPUIPlugin:80 - create IPUIPlugin
2024-08-05 18:20:09,502 [INFO] PluginManager:220 - loadIPPluginJar : add i2s
2024-08-05 18:20:09,512 [INFO] ThirdPartyUpdaterWithRetryManager:70 - Updater plugin not ready yet. [3/15]
2024-08-05 18:20:09,701 [INFO] IPUIPlugin:80 - create IPUIPlugin
2024-08-05 18:20:09,701 [INFO] PluginManager:220 - loadIPPluginJar : add i3c
2024-08-05 18:20:10,193 [INFO] IPUIPlugin:80 - create IPUIPlugin
2024-08-05 18:20:10,194 [INFO] PluginManager:220 - loadIPPluginJar : add ipddr
2024-08-05 18:20:10,642 [INFO] IPUIPlugin:80 - create IPUIPlugin
2024-08-05 18:20:10,643 [INFO] PluginManager:220 - loadIPPluginJar : add linkedlist
2024-08-05 18:20:10,823 [INFO] IPUIPlugin:80 - create IPUIPlugin
2024-08-05 18:20:10,824 [INFO] PluginManager:220 - loadIPPluginJar : add lorawan
2024-08-05 18:20:10,996 [INFO] IPUIPlugin:80 - create IPUIPlugin
2024-08-05 18:20:10,997 [INFO] PluginManager:220 - loadIPPluginJar : add ltdc
2024-08-05 18:20:11,058 [INFO] IPUIPlugin:80 - create IPUIPlugin
2024-08-05 18:20:11,059 [INFO] PluginManager:220 - loadIPPluginJar : add mdma
2024-08-05 18:20:11,111 [INFO] IPUIPlugin:80 - create IPUIPlugin
2024-08-05 18:20:11,111 [INFO] PluginManager:220 - loadIPPluginJar : add nvic
2024-08-05 18:20:11,276 [INFO] IPUIPlugin:80 - create IPUIPlugin
2024-08-05 18:20:11,277 [INFO] PluginManager:220 - loadIPPluginJar : add opamp
2024-08-05 18:20:11,563 [INFO] IPUIPlugin:80 - create IPUIPlugin
2024-08-05 18:20:11,563 [INFO] PluginManager:220 - loadIPPluginJar : add openamp
2024-08-05 18:20:11,756 [INFO] IPUIPlugin:80 - create IPUIPlugin
2024-08-05 18:20:11,756 [INFO] PluginManager:220 - loadIPPluginJar : add pdm2pcm
2024-08-05 18:20:11,815 [INFO] IPUIPlugin:80 - create IPUIPlugin
2024-08-05 18:20:11,824 [INFO] PluginManager:220 - loadIPPluginJar : add plateformsettings
2024-08-05 18:20:11,924 [INFO] IPUIPlugin:80 - create IPUIPlugin
2024-08-05 18:20:11,924 [INFO] PluginManager:220 - loadIPPluginJar : add quadspi
2024-08-05 18:20:11,981 [INFO] IPUIPlugin:80 - create IPUIPlugin
2024-08-05 18:20:11,982 [INFO] PluginManager:220 - loadIPPluginJar : add resmgrutility
2024-08-05 18:20:12,205 [INFO] IPUIPlugin:80 - create IPUIPlugin
2024-08-05 18:20:12,206 [INFO] PluginManager:220 - loadIPPluginJar : add sai
2024-08-05 18:20:12,380 [INFO] IPUIPlugin:80 - create IPUIPlugin
2024-08-05 18:20:12,381 [INFO] PluginManager:220 - loadIPPluginJar : add spi
2024-08-05 18:20:12,520 [INFO] ThirdPartyUpdaterWithRetryManager:70 - Updater plugin not ready yet. [4/15]
2024-08-05 18:20:12,717 [INFO] IPUIPlugin:80 - create IPUIPlugin
2024-08-05 18:20:12,718 [INFO] PluginManager:220 - loadIPPluginJar : add stm32_wpan
2024-08-05 18:20:12,824 [INFO] IPUIPlugin:80 - create IPUIPlugin
2024-08-05 18:20:12,824 [INFO] PluginManager:220 - loadIPPluginJar : add tim
2024-08-05 18:20:13,077 [INFO] IPUIPlugin:80 - create IPUIPlugin
2024-08-05 18:20:13,078 [INFO] PluginManager:220 - loadIPPluginJar : add touchsensing
2024-08-05 18:20:13,179 [INFO] IPUIPlugin:80 - create IPUIPlugin
2024-08-05 18:20:13,180 [INFO] PluginManager:220 - loadIPPluginJar : add tracer_emb
2024-08-05 18:20:13,285 [INFO] IPUIPlugin:80 - create IPUIPlugin
2024-08-05 18:20:13,286 [INFO] PluginManager:220 - loadIPPluginJar : add ts
2024-08-05 18:20:13,388 [INFO] IPUIPlugin:80 - create IPUIPlugin
2024-08-05 18:20:13,389 [INFO] PluginManager:220 - loadIPPluginJar : add tsc
2024-08-05 18:20:13,495 [INFO] IPUIPlugin:80 - create IPUIPlugin
2024-08-05 18:20:13,495 [INFO] PluginManager:220 - loadIPPluginJar : add ucpd
2024-08-05 18:20:13,707 [INFO] IPUIPlugin:80 - create IPUIPlugin
2024-08-05 18:20:13,707 [INFO] PluginManager:220 - loadIPPluginJar : add usart
2024-08-05 18:20:13,908 [INFO] IPUIPlugin:80 - create IPUIPlugin
2024-08-05 18:20:13,909 [INFO] PluginManager:220 - loadIPPluginJar : add usbx
2024-08-05 18:20:14,226 [INFO] CADModel:165 - CPN selected for project level
2024-08-05 18:20:14,226 [INFO] CADModel:114 - Register for checkConnection events
2024-08-05 18:20:14,227 [FATAL] Updater:308 - Updater called before beeing initialized
2024-08-05 18:20:14,227 [ERROR] CADModel:125 - Updater not yet initialized, retry later 
2024-08-05 18:20:14,711 [INFO] CADModel:165 - CPN selected for project level
2024-08-05 18:20:14,712 [INFO] CADModel:114 - Register for checkConnection events
2024-08-05 18:20:14,712 [FATAL] Updater:308 - Updater called before beeing initialized
2024-08-05 18:20:14,712 [ERROR] CADModel:125 - Updater not yet initialized, retry later 
2024-08-05 18:20:14,723 [FATAL] Updater:308 - Updater called before beeing initialized
2024-08-05 18:20:15,180 [FATAL] Updater:308 - Updater called before beeing initialized
2024-08-05 18:20:15,221 [INFO] DbMcusAds:53 - JSON generation date=Wed Nov 29 05:52:27 COT 2023 (1701255147349)
2024-08-05 18:20:15,222 [FATAL] Updater:308 - Updater called before beeing initialized
2024-08-05 18:20:15,521 [INFO] ThirdPartyUpdaterWithRetryManager:70 - Updater plugin not ready yet. [5/15]
2024-08-05 18:20:15,586 [WARN] DetailPanel:346 - Failed to get advertising image, set to default
2024-08-05 18:20:15,992 [FATAL] Updater:308 - Updater called before beeing initialized
2024-08-05 18:20:15,999 [FATAL] Updater:308 - Updater called before beeing initialized
2024-08-05 18:20:15,999 [FATAL] Updater:308 - Updater called before beeing initialized
2024-08-05 18:20:16,000 [WARN] DetailPanel:346 - Failed to get advertising image, set to default
2024-08-05 18:20:16,003 [FATAL] Updater:308 - Updater called before beeing initialized
2024-08-05 18:20:16,274 [ERROR] Updater:1120 - MainUpdater not yet initialized. External WinMGr cannot be set.
2024-08-05 18:20:16,319 [INFO] Updater:1056 - Updater Version found : 6.10.0
2024-08-05 18:20:16,385 [INFO] ApplicationProperties:184 - Using Application install path: C:\ST\STM32CubeIDE_1.14.1\STM32CubeIDE\plugins\com.st.stm32cube.common.mx_6.10.0.202311202037
2024-08-05 18:20:18,047 [ERROR] LogOutputStream:75 - [STDERR_REDIRECT] Aug 05, 2024 6:20:18 PM java.util.prefs.WindowsPreferences <init>
2024-08-05 18:20:18,053 [ERROR] LogOutputStream:75 - [STDERR_REDIRECT] WARNING: Could not open/create prefs root node Software\JavaSoft\Prefs at root 0xffffffff80000002. Windows RegCreateKeyEx(...) returned error code 5.
2024-08-05 18:20:18,054 [ERROR] LogOutputStream:75 - [STDERR_REDIRECT] 
2024-08-05 18:20:18,527 [FATAL] Updater:308 - Updater called before beeing initialized
2024-08-05 18:20:18,529 [ERROR] IntegrityCheckThread:130 - Cannot retrieve database content from updater: error 21
2024-08-05 18:20:18,531 [INFO] ThirdParty:978 - Integrity check success = false
2024-08-05 18:20:18,531 [INFO] IntegrityCheckThread:100 - exiting critical section [integrity check]
2024-08-05 18:20:18,532 [INFO] IntegrityCheckThread:103 - End integrity checks thread
2024-08-05 18:20:19,241 [INFO] MainUpdater:2873 - connection check result : 10
2024-08-05 18:20:19,243 [INFO] MainUpdater:290 - Updater Check For Update Now.
2024-08-05 18:20:19,244 [INFO] MicroXplorer:498 - Change Database Version : DB.6.0.100
2024-08-05 18:20:19,313 [INFO] McuFinderGlobals:63 - Set McuFinder mode to 2 (CubeIDE integrated)
2024-08-05 18:20:19,924 [INFO] CheckServerUpdateThread:120 - End of CheckServer Thread
2024-08-05 18:20:20,214 [INFO] UserAuth:404 - Internet connection configuration mode: 1
2024-08-05 18:20:20,295 [INFO] JxBrowserEngine:152 - Initiate JxBrowser Engine with user profile folder
2024-08-05 18:20:32,885 [INFO] WebApp:161 - Instantiating new browser for Auth
2024-08-05 18:20:34,239 [INFO] WebApp:780 - Register for checkConnection events
2024-08-05 18:20:34,239 [INFO] WebApp:414 - Apply proxy settings
2024-08-05 18:20:34,239 [INFO] WebApp:499 - Chromium requires no authentication
2024-08-05 18:20:34,249 [INFO] WebApp:442 - Direct internet connection detected
2024-08-05 18:20:34,446 [INFO] WebApp:192 - Starting web application
2024-08-05 18:20:34,446 [INFO] WebApp:544 - Web application path used C:\ST\STM32CubeIDE_1.14.1\STM32CubeIDE\plugins\com.st.stm32cube.common.mx_6.10.0.202311202037\db\plugins\mcufinder\reactClient1\index.html
2024-08-05 18:20:55,675 [ERROR] LogOutputStream:75 - [STDERR_REDIRECT] SLF4J: Failed to load class "org.slf4j.impl.StaticLoggerBinder".
2024-08-05 18:20:55,677 [ERROR] LogOutputStream:75 - [STDERR_REDIRECT] SLF4J: Defaulting to no-operation (NOP) logger implementation
2024-08-05 18:20:55,678 [ERROR] LogOutputStream:75 - [STDERR_REDIRECT] SLF4J: See http://www.slf4j.org/codes.html#StaticLoggerBinder for further details.
2024-08-05 21:05:15,616 [ERROR] LogOutputStream:75 - [STDERR_REDIRECT] 
