Removed Pin From Net: NetName=GND Pin=SW100-1
Removed Pin From Net: NetName=GND Pin=SW100-1
Removed Pin From Net: NetName=RESET_MCU Pin=SW100-2
Removed Pin From Net: NetName=RESET_MCU Pin=SW100-2
Removed Pin From Net: NetName=NetR420_1 Pin=SW400-1
Removed Pin From Net: NetName=NetR420_1 Pin=SW400-1
Removed Pin From Net: NetName=3V3 Pin=SW400-2
Removed Pin From Net: NetName=3V3 Pin=SW400-2
Removed Pin From Net: NetName=NetR421_1 Pin=SW401-1
Removed Pin From Net: NetName=NetR421_1 Pin=SW401-1
Removed Pin From Net: NetName=3V3 Pin=SW401-2
Removed Pin From Net: NetName=3V3 Pin=SW401-2
Removed Pin From Net: NetName=NetR422_1 Pin=SW402-1
Removed Pin From Net: NetName=NetR422_1 Pin=SW402-1
Removed Pin From Net: NetName=3V3 Pin=SW402-2
Removed Pin From Net: NetName=3V3 Pin=SW402-2
Added Component: Designator=SW100(Sw_PUSH_4.5x4.5x5mm)
Add component (AddParameter): Name = "ComponentLink1Description"; Value = "LCSC"; VariantName = "[No Variations]"
Add component (AddParameter): Name = "ComponentLink1URL"; Value = "https://www.lcsc.com/product-detail/Tactile-Switches_BZCN-TSC015A05026A_C2888509.html"; VariantName = "[No Variations]"
Add component (AddParameter): Name = "Last modified by"; Value = "N-A.Potosi"; VariantName = "[No Variations]"
Add component (AddParameter): Name = "Last modified date"; Value = "20190222"; VariantName = "[No Variations]"
Add component (AddParameter): Name = "Manufacturer"; Value = "BZCN"; VariantName = "[No Variations]"
Add component (AddParameter): Name = "Manufacturer Part Number"; Value = "TSC015A05026A"; VariantName = "[No Variations]"
Add component (AddParameter): Name = "Supplier 1"; Value = "LCSC"; VariantName = "[No Variations]"
Add component (AddParameter): Name = "Supplier Part Number 1"; Value = "C2888509"; VariantName = "[No Variations]"
Add component (AddParameter): Name = "Titoma stock"; Value = ""; VariantName = "[No Variations]"
Add component (AddParameter): Name = "Usage"; Value = ""; VariantName = "[No Variations]"
Added Component: Designator=SW400(Sw_PUSH_4.5x4.5x5mm)
Add component (AddParameter): Name = "ComponentLink1Description"; Value = "LCSC"; VariantName = "[No Variations]"
Add component (AddParameter): Name = "ComponentLink1URL"; Value = "https://www.lcsc.com/product-detail/Tactile-Switches_BZCN-TSC015A05026A_C2888509.html"; VariantName = "[No Variations]"
Add component (AddParameter): Name = "Last modified by"; Value = "N-A.Potosi"; VariantName = "[No Variations]"
Add component (AddParameter): Name = "Last modified date"; Value = "20190222"; VariantName = "[No Variations]"
Add component (AddParameter): Name = "Manufacturer"; Value = "BZCN"; VariantName = "[No Variations]"
Add component (AddParameter): Name = "Manufacturer Part Number"; Value = "TSC015A05026A"; VariantName = "[No Variations]"
Add component (AddParameter): Name = "Supplier 1"; Value = "LCSC"; VariantName = "[No Variations]"
Add component (AddParameter): Name = "Supplier Part Number 1"; Value = "C2888509"; VariantName = "[No Variations]"
Add component (AddParameter): Name = "Titoma stock"; Value = ""; VariantName = "[No Variations]"
Add component (AddParameter): Name = "Usage"; Value = ""; VariantName = "[No Variations]"
Added Component: Designator=SW401(Sw_PUSH_4.5x4.5x5mm)
Add component (AddParameter): Name = "ComponentLink1Description"; Value = "LCSC"; VariantName = "[No Variations]"
Add component (AddParameter): Name = "ComponentLink1URL"; Value = "https://www.lcsc.com/product-detail/Tactile-Switches_BZCN-TSC015A05026A_C2888509.html"; VariantName = "[No Variations]"
Add component (AddParameter): Name = "Last modified by"; Value = "N-A.Potosi"; VariantName = "[No Variations]"
Add component (AddParameter): Name = "Last modified date"; Value = "20190222"; VariantName = "[No Variations]"
Add component (AddParameter): Name = "Manufacturer"; Value = "BZCN"; VariantName = "[No Variations]"
Add component (AddParameter): Name = "Manufacturer Part Number"; Value = "TSC015A05026A"; VariantName = "[No Variations]"
Add component (AddParameter): Name = "Supplier 1"; Value = "LCSC"; VariantName = "[No Variations]"
Add component (AddParameter): Name = "Supplier Part Number 1"; Value = "C2888509"; VariantName = "[No Variations]"
Add component (AddParameter): Name = "Titoma stock"; Value = ""; VariantName = "[No Variations]"
Add component (AddParameter): Name = "Usage"; Value = ""; VariantName = "[No Variations]"
Added Component: Designator=SW402(Sw_PUSH_4.5x4.5x5mm)
Add component (AddParameter): Name = "ComponentLink1Description"; Value = "LCSC"; VariantName = "[No Variations]"
Add component (AddParameter): Name = "ComponentLink1URL"; Value = "https://www.lcsc.com/product-detail/Tactile-Switches_BZCN-TSC015A05026A_C2888509.html"; VariantName = "[No Variations]"
Add component (AddParameter): Name = "Last modified by"; Value = "N-A.Potosi"; VariantName = "[No Variations]"
Add component (AddParameter): Name = "Last modified date"; Value = "20190222"; VariantName = "[No Variations]"
Add component (AddParameter): Name = "Manufacturer"; Value = "BZCN"; VariantName = "[No Variations]"
Add component (AddParameter): Name = "Manufacturer Part Number"; Value = "TSC015A05026A"; VariantName = "[No Variations]"
Add component (AddParameter): Name = "Supplier 1"; Value = "LCSC"; VariantName = "[No Variations]"
Add component (AddParameter): Name = "Supplier Part Number 1"; Value = "C2888509"; VariantName = "[No Variations]"
Add component (AddParameter): Name = "Titoma stock"; Value = ""; VariantName = "[No Variations]"
Add component (AddParameter): Name = "Usage"; Value = ""; VariantName = "[No Variations]"
Added Pin To Net: NetName=RESET_MCU Pin=SW100-1
Added Pin To Net: NetName=RESET_MCU Pin=SW100-1
Added Pin To Net: NetName=GND Pin=SW100-2
Added Pin To Net: NetName=GND Pin=SW100-2
Added Pin To Net: NetName=NetR420_1 Pin=SW400-1
Added Pin To Net: NetName=NetR420_1 Pin=SW400-1
Added Pin To Net: NetName=3V3 Pin=SW400-2
Added Pin To Net: NetName=3V3 Pin=SW400-2
Added Pin To Net: NetName=NetR421_1 Pin=SW401-1
Added Pin To Net: NetName=NetR421_1 Pin=SW401-1
Added Pin To Net: NetName=3V3 Pin=SW401-2
Added Pin To Net: NetName=3V3 Pin=SW401-2
Added Pin To Net: NetName=NetR422_1 Pin=SW402-1
Added Pin To Net: NetName=NetR422_1 Pin=SW402-1
Added Pin To Net: NetName=3V3 Pin=SW402-2
Added Pin To Net: NetName=3V3 Pin=SW402-2
