Change Component Physical Designator: Old Designator=C? New Designator=C100
Change Component Physical Designator: Old Designator=C? New Designator=C200
Change Component Physical Designator: Old Designator=C? New Designator=C201
Change Component Physical Designator: Old Designator=C? New Designator=C202
Change Component Physical Designator: Old Designator=C? New Designator=C203
Change Component Physical Designator: Old Designator=C? New Designator=C204
Change Component Physical Designator: Old Designator=C? New Designator=C205
Change Component Physical Designator: Old Designator=C? New Designator=C206
Change Component Physical Designator: Old Designator=C? New Designator=C207
Change Component Physical Designator: Old Designator=C? New Designator=C208
Change Component Physical Designator: Old Designator=C? New Designator=C209
Change Component Physical Designator: Old Designator=C? New Designator=C210
Change Component Physical Designator: Old Designator=C? New Designator=C211
Change Component Physical Designator: Old Designator=C? New Designator=C400
Change Component Physical Designator: Old Designator=C? New Designator=C401
Change Component Physical Designator: Old Designator=C? New Designator=C402
Change Component Physical Designator: Old Designator=D? New Designator=D200
Change Component Physical Designator: Old Designator=D? New Designator=D201
Change Component Physical Designator: Old Designator=D? New Designator=D202
Change Component Physical Designator: Old Designator=D? New Designator=D300
Change Component Physical Designator: Old Designator=D? New Designator=D301
Change Component Physical Designator: Old Designator=D? New Designator=D400
Change Component Physical Designator: Old Designator=D? New Designator=D401
Change Component Physical Designator: Old Designator=FB? New Designator=FB200
Change Component Physical Designator: Old Designator=FB? New Designator=FB201
Change Component Physical Designator: Old Designator=FB? New Designator=FB202
Change Component Physical Designator: Old Designator=J? New Designator=J200
Change Component Physical Designator: Old Designator=J? New Designator=J201
Change Component Physical Designator: Old Designator=J? New Designator=J202
Change Component Physical Designator: Old Designator=P? New Designator=P100
Change Component Physical Designator: Old Designator=P? New Designator=P400
Change Component Physical Designator: Old Designator=P? New Designator=P401
Change Component Physical Designator: Old Designator=Q? New Designator=Q400
Change Component Physical Designator: Old Designator=Q? New Designator=Q401
Change Component Physical Designator: Old Designator=Q? New Designator=Q402
Change Component Physical Designator: Old Designator=Q? New Designator=Q403
Change Component Physical Designator: Old Designator=Q? New Designator=Q404
Change Component Physical Designator: Old Designator=Q? New Designator=Q405
Change Component Physical Designator: Old Designator=R? New Designator=R100
Change Component Physical Designator: Old Designator=R? New Designator=R300
Change Component Physical Designator: Old Designator=R? New Designator=R301
Change Component Physical Designator: Old Designator=R? New Designator=R302
Change Component Physical Designator: Old Designator=R? New Designator=R303
Change Component Physical Designator: Old Designator=R? New Designator=R304
Change Component Physical Designator: Old Designator=R? New Designator=R305
Change Component Physical Designator: Old Designator=R? New Designator=R306
Change Component Physical Designator: Old Designator=R? New Designator=R307
Change Component Physical Designator: Old Designator=R? New Designator=R308
Change Component Physical Designator: Old Designator=R? New Designator=R309
Change Component Physical Designator: Old Designator=R? New Designator=R400
Change Component Physical Designator: Old Designator=R? New Designator=R401
Change Component Physical Designator: Old Designator=R? New Designator=R402
Change Component Physical Designator: Old Designator=R? New Designator=R403
Change Component Physical Designator: Old Designator=R? New Designator=R404
Change Component Physical Designator: Old Designator=R? New Designator=R405
Change Component Physical Designator: Old Designator=R? New Designator=R406
Change Component Physical Designator: Old Designator=R? New Designator=R407
Change Component Physical Designator: Old Designator=R? New Designator=R408
Change Component Physical Designator: Old Designator=R? New Designator=R409
Change Component Physical Designator: Old Designator=R? New Designator=R410
Change Component Physical Designator: Old Designator=R? New Designator=R411
Change Component Physical Designator: Old Designator=R? New Designator=R412
Change Component Physical Designator: Old Designator=R? New Designator=R413
Change Component Physical Designator: Old Designator=R? New Designator=R414
Change Component Physical Designator: Old Designator=R? New Designator=R415
Change Component Physical Designator: Old Designator=R? New Designator=R416
Change Component Physical Designator: Old Designator=R? New Designator=R417
Change Component Physical Designator: Old Designator=R? New Designator=R418
Change Component Physical Designator: Old Designator=R? New Designator=R419
Change Component Physical Designator: Old Designator=R? New Designator=R420
Change Component Physical Designator: Old Designator=R? New Designator=R421
Change Component Physical Designator: Old Designator=R? New Designator=R422
Change Component Physical Designator: Old Designator=R? New Designator=R423
Change Component Physical Designator: Old Designator=SW? New Designator=SW100
Change Component Physical Designator: Old Designator=SW? New Designator=SW400
Change Component Physical Designator: Old Designator=SW? New Designator=SW401
Change Component Physical Designator: Old Designator=SW? New Designator=SW402
Change Component Physical Designator: Old Designator=U? New Designator=U100
Change Component Physical Designator: Old Designator=U? New Designator=U100
Change Component Physical Designator: Old Designator=U? New Designator=U200
Change Component Physical Designator: Old Designator=U? New Designator=U300
Change Component Physical Designator: Old Designator=U? New Designator=U301
Change Component Physical Designator: Old Designator=U? New Designator=U302
