Added Component: Designator=P100(HDR1X5)
Add component (AddParameter): Name = "LatestRevisionDate"; Value = "17-Jul-2002"; VariantName = "[No Variations]"
Add component (AddParameter): Name = "LatestRevisionNote"; Value = "Re-released for DXP Platform."; VariantName = "[No Variations]"
Add component (AddParameter): Name = "Publisher"; Value = "Altium Limited"; VariantName = "[No Variations]"
Added Component: Designator=P400(HDR1X4)
Add component (AddParameter): Name = "LatestRevisionDate"; Value = "17-Jul-2002"; VariantName = "[No Variations]"
Add component (AddParameter): Name = "LatestRevisionNote"; Value = "Re-released for DXP Platform."; VariantName = "[No Variations]"
Add component (AddParameter): Name = "Publisher"; Value = "Altium Limited"; VariantName = "[No Variations]"
Added Component: Designator=P401(HDR1X3)
Add component (AddParameter): Name = "LatestRevisionDate"; Value = "17-Jul-2002"; VariantName = "[No Variations]"
Add component (AddParameter): Name = "LatestRevisionNote"; Value = "Re-released for DXP Platform."; VariantName = "[No Variations]"
Add component (AddParameter): Name = "Publisher"; Value = "Altium Limited"; VariantName = "[No Variations]"
Added Pin To Net: NetName=RESET_MCU Pin=P100-1
Added Pin To Net: NetName=SYS_SWDIO Pin=P100-2
Added Pin To Net: NetName=GND Pin=P100-3
Added Pin To Net: NetName=SYS_SWCLK Pin=P100-4
Added Pin To Net: NetName=3V3  MCU Pin=P100-5
Added Pin To Net: NetName=3V3 Pin=P400-1
Added Pin To Net: NetName=GND Pin=P400-2
Added Pin To Net: NetName=SPEED_SENSOR_DIGITAL_PIN Pin=P400-3
Added Pin To Net: NetName=SPEED_SENSOR_ANALOG_PIN Pin=P400-4
Added Pin To Net: NetName=3V3 Pin=P401-1
Added Pin To Net: NetName=TEMPERATURE SENSOR Pin=P401-2
Added Pin To Net: NetName=GND Pin=P401-3
Added Member To Class: ClassName=MCU Member=Component P100 Header 5
Added Member To Class: ClassName=IN_OUT Member=Component P400 (J400) SPEED_SENSOR
Added Member To Class: ClassName=IN_OUT Member=Component P401 (J401) TEMP_SENSOR
