Added Component: Designator=J100(CON_5X1_TH_2.54MM)
Add component (AddParameter): Name = "ComponentLink1Description"; Value = "Digi-Key"; VariantName = "[No Variations]"
Add component (AddParameter): Name = "ComponentLink1URL"; Value = "https://www.digikey.com/en/products/detail/amphenol-cs-fci/10129378-905001BLF/7915937?s=N4IgTCBcDaIIwAY5gJwGYDsAOAtChArAkgEIAyAYiALoC%2BQA"; VariantName = "[No Variations]"
Add component (AddParameter): Name = "Manufacturer"; Value = "Amphenol ICC (FCI)"; VariantName = "[No Variations]"
Add component (AddParameter): Name = "Manufacturer Part Number"; Value = "10129378-905001BLF"; VariantName = "[No Variations]"
Add component (AddParameter): Name = "Supplier 1"; Value = "Digi-Key"; VariantName = "[No Variations]"
Add component (AddParameter): Name = "Supplier Part Number 1"; Value = "10129378-905001BLF-ND"; VariantName = "[No Variations]"
Add component (AddParameter): Name = "Value"; Value = ""; VariantName = "[No Variations]"
Added Component: Designator=J400(CON_2X1_TH_2.54MM)
Add component (AddParameter): Name = "ComponentLink1Description"; Value = "Digi-Key"; VariantName = "[No Variations]"
Add component (AddParameter): Name = "ComponentLink1URL"; Value = "https://www.digikey.com/en/products/detail/amphenol-cs-fci/10129378-902001BLF/7915924?s=N4IgTCBcDaIIwAY5gJwGYDsAOAtChYCSAQgDIBiIAugL5A"; VariantName = "[No Variations]"
Add component (AddParameter): Name = "Manufacturer"; Value = "Amphenol ICC (FCI)"; VariantName = "[No Variations]"
Add component (AddParameter): Name = "Manufacturer Part Number"; Value = "10129378-902001BLF"; VariantName = "[No Variations]"
Add component (AddParameter): Name = "Supplier 1"; Value = "Digi-Key"; VariantName = "[No Variations]"
Add component (AddParameter): Name = "Supplier Part Number 1"; Value = "10129378-902001BLF-ND"; VariantName = "[No Variations]"
Add component (AddParameter): Name = "Value"; Value = ""; VariantName = "[No Variations]"
Add Component: Footprint Not Found CON_4X1_TH_2-54
Added Component: Designator=J402(CON_3X1_TH_2.54MM)
Add component (AddParameter): Name = "ComponentLink1Description"; Value = "Digi-Key"; VariantName = "[No Variations]"
Add component (AddParameter): Name = "ComponentLink1URL"; Value = "https://www.digikey.com/en/products/detail/amphenol-cs-fci/10129378-903001BLF/7915928"; VariantName = "[No Variations]"
Add component (AddParameter): Name = "Manufacturer"; Value = "Amphenol ICC (FCI)"; VariantName = "[No Variations]"
Add component (AddParameter): Name = "Manufacturer Part Number"; Value = "10129378-903001BLF"; VariantName = "[No Variations]"
Add component (AddParameter): Name = "Supplier 1"; Value = "Digi-Key"; VariantName = "[No Variations]"
Add component (AddParameter): Name = "Supplier Part Number 1"; Value = "10129378-903001BLF-ND"; VariantName = "[No Variations]"
Add component (AddParameter): Name = "Value"; Value = ""; VariantName = "[No Variations]"
Added Pin To Net: NetName=RESET_MCU Pin=J100-1
Added Pin To Net: NetName=SYS_SWDIO Pin=J100-2
Added Pin To Net: NetName=GND Pin=J100-3
Added Pin To Net: NetName=SYS_SWCLK Pin=J100-4
Added Pin To Net: NetName=3V3 _MCU Pin=J100-5
Added Pin To Net: NetName=NetJ400_1 Pin=J400-1
Added Pin To Net: NetName=NetFB400_2 Pin=J400-2
Add Pin To Net: Unknown Pin: Pin J401-1
Add Pin To Net: Unknown Pin: Pin J401-2
Add Pin To Net: Unknown Pin: Pin J401-3
Add Pin To Net: Unknown Pin: Pin J401-4
Added Pin To Net: NetName=NetFB402_2 Pin=J402-1
Added Pin To Net: NetName=TEMPERATURE_SENSOR Pin=J402-2
Added Pin To Net: NetName=GND Pin=J402-3
Added Member To Class: ClassName=MCU Member=Component J100 JTAG
Added Member To Class: ClassName=IN_OUT Member=Component J400 LOAD
Add Class Member: Failed to add class member : Component J401 SPEED
Added Member To Class: ClassName=IN_OUT Member=Component J402 TEMP
