Change Component Designator: OldDesignator=J? NewDesignator=J203
Added Pin To Net: NetName=3V3 Pin=J203-1
Added Pin To Net: NetName=3V3 Pin=J203-2
Added Pin To Net: NetName=GND Pin=J203-3
Added Pin To Net: NetName=GND Pin=J203-11
Added Pin To Net: NetName=3V3 Pin=J203-12
Added Pin To Net: NetName=GND Pin=J203-23
Added Pin To Net: NetName=3V3 Pin=J203-24
Added Pin To Net: NetName=PA0 Pin=J203-5
Added Pin To Net: NetName=PA0 Pin=U100-10
Added Net: Name=PA0
Added Pin To Net: NetName=PA1 Pin=J203-4
Added Pin To Net: NetName=PA1 Pin=U100-11
Added Net: Name=PA1
Added Pin To Net: NetName=PA5 Pin=J203-13
Added Pin To Net: NetName=PA5 Pin=U100-15
Added Net: Name=PA5
Added Pin To Net: NetName=PA8 Pin=J203-15
Added Pin To Net: NetName=PA8 Pin=U100-29
Added Net: Name=PA8
Added Pin To Net: NetName=PA9 Pin=J203-16
Added Pin To Net: NetName=PA9 Pin=U100-30
Added Net: Name=PA9
Added Pin To Net: NetName=PA10 Pin=J203-17
Added Pin To Net: NetName=PA10 Pin=U100-31
Added Net: Name=PA10
Added Pin To Net: NetName=PA11 Pin=J203-18
Added Pin To Net: NetName=PA11 Pin=U100-32
Added Net: Name=PA11
Added Pin To Net: NetName=PB8 Pin=J203-22
Added Pin To Net: NetName=PB8 Pin=U100-45
Added Net: Name=PB8
Added Pin To Net: NetName=PB9 Pin=J203-21
Added Pin To Net: NetName=PB9 Pin=U100-46
Added Net: Name=PB9
Added Pin To Net: NetName=PB15 Pin=J203-14
Added Pin To Net: NetName=PB15 Pin=U100-28
Added Net: Name=PB15
Added Pin To Net: NetName=PC13 Pin=J203-10
Added Pin To Net: NetName=PC13 Pin=U100-2
Added Net: Name=PC13
Added Pin To Net: NetName=PC14 Pin=J203-9
Added Pin To Net: NetName=PC14 Pin=U100-3
Added Net: Name=PC14
Added Pin To Net: NetName=PC15 Pin=J203-8
Added Pin To Net: NetName=PC15 Pin=U100-4
Added Net: Name=PC15
Added Pin To Net: NetName=PF0 Pin=J203-7
Added Pin To Net: NetName=PF0 Pin=U100-5
Added Net: Name=PF0
Added Pin To Net: NetName=PF1 Pin=J203-6
Added Pin To Net: NetName=PF1 Pin=U100-6
Added Net: Name=PF1
Added Pin To Net: NetName=PF6 Pin=J203-19
Added Pin To Net: NetName=PF6 Pin=U100-35
Added Net: Name=PF6
Added Pin To Net: NetName=PF7 Pin=J203-20
Added Pin To Net: NetName=PF7 Pin=U100-36
Added Net: Name=PF7
