Removed Pin From Net: NetName=VIN Pin=J400-1
Removed Pin From Net: NetName=3V3 Pin=J401-1
Removed Pin From Net: NetName=3V3 Pin=J402-1
Removed Pin From Net: NetName=TEMPERATURE SENSOR Pin=R426-1
Removed Pin From Net: NetName=3V3 Pin=R426-2
Added Component: Designator=FB400(0603_fb)
Add component (AddParameter): Name = "ComponentLink1Description"; Value = "LCSC"; VariantName = "[No Variations]"
Add component (AddParameter): Name = "ComponentLink1URL"; Value = "https://www.lcsc.com/product-detail/Ferrite-Beads_TAI-TECH-HCB1608KF-600T20_C369516.html"; VariantName = "[No Variations]"
Add component (AddParameter): Name = "Manufacturer"; Value = "TAI-TECH"; VariantName = "[No Variations]"
Add component (AddParameter): Name = "Manufacturer Part Number"; Value = "HCB1608KF-600T20"; VariantName = "[No Variations]"
Add component (AddParameter): Name = "Supplier 1"; Value = "LCSC"; VariantName = "[No Variations]"
Add component (AddParameter): Name = "Supplier Part Number 1"; Value = "C369516"; VariantName = "[No Variations]"
Add component (AddParameter): Name = "Usage"; Value = "NM"; VariantName = "[No Variations]"
Add component (AddParameter): Name = "Value"; Value = "60 OHM"; VariantName = "[No Variations]"
Added Component: Designator=FB401(0603_fb)
Add component (AddParameter): Name = "ComponentLink1Description"; Value = "LCSC"; VariantName = "[No Variations]"
Add component (AddParameter): Name = "ComponentLink1URL"; Value = "https://www.lcsc.com/product-detail/Ferrite-Beads_TAI-TECH-HCB1608KF-600T20_C369516.html"; VariantName = "[No Variations]"
Add component (AddParameter): Name = "Manufacturer"; Value = "TAI-TECH"; VariantName = "[No Variations]"
Add component (AddParameter): Name = "Manufacturer Part Number"; Value = "HCB1608KF-600T20"; VariantName = "[No Variations]"
Add component (AddParameter): Name = "Supplier 1"; Value = "LCSC"; VariantName = "[No Variations]"
Add component (AddParameter): Name = "Supplier Part Number 1"; Value = "C369516"; VariantName = "[No Variations]"
Add component (AddParameter): Name = "Usage"; Value = ""; VariantName = "[No Variations]"
Add component (AddParameter): Name = "Value"; Value = "60 OHM"; VariantName = "[No Variations]"
Added Component: Designator=FB402(0603_fb)
Add component (AddParameter): Name = "ComponentLink1Description"; Value = "LCSC"; VariantName = "[No Variations]"
Add component (AddParameter): Name = "ComponentLink1URL"; Value = "https://www.lcsc.com/product-detail/Ferrite-Beads_TAI-TECH-HCB1608KF-600T20_C369516.html"; VariantName = "[No Variations]"
Add component (AddParameter): Name = "Manufacturer"; Value = "TAI-TECH"; VariantName = "[No Variations]"
Add component (AddParameter): Name = "Manufacturer Part Number"; Value = "HCB1608KF-600T20"; VariantName = "[No Variations]"
Add component (AddParameter): Name = "Supplier 1"; Value = "LCSC"; VariantName = "[No Variations]"
Add component (AddParameter): Name = "Supplier Part Number 1"; Value = "C369516"; VariantName = "[No Variations]"
Add component (AddParameter): Name = "Usage"; Value = "NM"; VariantName = "[No Variations]"
Add component (AddParameter): Name = "Value"; Value = "60 OHM"; VariantName = "[No Variations]"
Added Component: Designator=FB403(0603_fb)
Add component (AddParameter): Name = "ComponentLink1Description"; Value = "LCSC"; VariantName = "[No Variations]"
Add component (AddParameter): Name = "ComponentLink1URL"; Value = "https://www.lcsc.com/product-detail/Ferrite-Beads_TAI-TECH-HCB1608KF-600T20_C369516.html"; VariantName = "[No Variations]"
Add component (AddParameter): Name = "Manufacturer"; Value = "TAI-TECH"; VariantName = "[No Variations]"
Add component (AddParameter): Name = "Manufacturer Part Number"; Value = "HCB1608KF-600T20"; VariantName = "[No Variations]"
Add component (AddParameter): Name = "Supplier 1"; Value = "LCSC"; VariantName = "[No Variations]"
Add component (AddParameter): Name = "Supplier Part Number 1"; Value = "C369516"; VariantName = "[No Variations]"
Add component (AddParameter): Name = "Usage"; Value = "NM"; VariantName = "[No Variations]"
Add component (AddParameter): Name = "Value"; Value = "60 OHM"; VariantName = "[No Variations]"
Added Component: Designator=FB404(0603_fb)
Add component (AddParameter): Name = "ComponentLink1Description"; Value = "LCSC"; VariantName = "[No Variations]"
Add component (AddParameter): Name = "ComponentLink1URL"; Value = "https://www.lcsc.com/product-detail/Ferrite-Beads_TAI-TECH-HCB1608KF-600T20_C369516.html"; VariantName = "[No Variations]"
Add component (AddParameter): Name = "Manufacturer"; Value = "TAI-TECH"; VariantName = "[No Variations]"
Add component (AddParameter): Name = "Manufacturer Part Number"; Value = "HCB1608KF-600T20"; VariantName = "[No Variations]"
Add component (AddParameter): Name = "Supplier 1"; Value = "LCSC"; VariantName = "[No Variations]"
Add component (AddParameter): Name = "Supplier Part Number 1"; Value = "C369516"; VariantName = "[No Variations]"
Add component (AddParameter): Name = "Usage"; Value = ""; VariantName = "[No Variations]"
Add component (AddParameter): Name = "Value"; Value = "60 OHM"; VariantName = "[No Variations]"
Added Component: Designator=FB405(0603_fb)
Add component (AddParameter): Name = "ComponentLink1Description"; Value = "LCSC"; VariantName = "[No Variations]"
Add component (AddParameter): Name = "ComponentLink1URL"; Value = "https://www.lcsc.com/product-detail/Ferrite-Beads_TAI-TECH-HCB1608KF-600T20_C369516.html"; VariantName = "[No Variations]"
Add component (AddParameter): Name = "Manufacturer"; Value = "TAI-TECH"; VariantName = "[No Variations]"
Add component (AddParameter): Name = "Manufacturer Part Number"; Value = "HCB1608KF-600T20"; VariantName = "[No Variations]"
Add component (AddParameter): Name = "Supplier 1"; Value = "LCSC"; VariantName = "[No Variations]"
Add component (AddParameter): Name = "Supplier Part Number 1"; Value = "C369516"; VariantName = "[No Variations]"
Add component (AddParameter): Name = "Usage"; Value = ""; VariantName = "[No Variations]"
Add component (AddParameter): Name = "Value"; Value = "60 OHM"; VariantName = "[No Variations]"
Added Pin To Net: NetName=3V3 Pin=D400-4
Added Pin To Net: NetName=3V3 Pin=D400-6
Added Pin To Net: NetName=VIN Pin=FB400-1
Added Pin To Net: NetName=3V3 Pin=FB401-1
Added Pin To Net: NetName=VIN Pin=FB402-1
Added Pin To Net: NetName=VIN Pin=FB403-1
Added Pin To Net: NetName=3V3 Pin=FB404-1
Added Pin To Net: NetName=3V3 Pin=FB405-1
Added Pin To Net: NetName=3V3 Pin=R426-1
Added Pin To Net: NetName=TEMPERATURE SENSOR Pin=R426-2
Added Pin To Net: NetName=NetFB400_2 Pin=FB400-2
Added Pin To Net: NetName=NetFB400_2 Pin=FB401-2
Added Pin To Net: NetName=NetFB400_2 Pin=J400-2
Added Net: Name=NetFB400_2
Added Pin To Net: NetName=NetFB402_2 Pin=FB402-2
Added Pin To Net: NetName=NetFB402_2 Pin=FB404-2
Added Pin To Net: NetName=NetFB402_2 Pin=J402-1
Added Net: Name=NetFB402_2
Added Pin To Net: NetName=NetFB403_2 Pin=FB403-2
Added Pin To Net: NetName=NetFB403_2 Pin=FB405-2
Added Pin To Net: NetName=NetFB403_2 Pin=J401-1
Added Net: Name=NetFB403_2
Added Pin To Net: NetName=NetJ400_1 Pin=J400-1
Added Pin To Net: NetName=NetJ400_1 Pin=Q403-3
Added Net: Name=NetJ400_1
Added Member To Class: ClassName=IN_OUT Member=Component FB400 60OHM 2A
Added Member To Class: ClassName=IN_OUT Member=Component FB401 60OHM 2A
Added Member To Class: ClassName=IN_OUT Member=Component FB402 60OHM 2A
Added Member To Class: ClassName=IN_OUT Member=Component FB403 60OHM 2A
Added Member To Class: ClassName=IN_OUT Member=Component FB404 60OHM 2A
Added Member To Class: ClassName=IN_OUT Member=Component FB405 60OHM 2A
