Removed Pin From Net: NetName=3V3_CP21 Pin=C200-1
Removed Pin From Net: NetName=3V3_CP21 Pin=C201-1
Removed Pin From Net: NetName=3V3_CP21 Pin=C202-1
Removed Pin From Net: NetName=3V3_CP21 Pin=FB200-2
Add Component: Footprint Not Found HDR1X5
Add Component: Footprint Not Found HDR1X4
Add Component: Footprint Not Found HDR1X3
Add Pin To Net: Unknown Pin: Pin P100-1
Add Pin To Net: Unknown Pin: Pin P100-2
Add Pin To Net: Unknown Pin: Pin P100-3
Add Pin To Net: Unknown Pin: Pin P100-4
Add Pin To Net: Unknown Pin: Pin P100-5
Add Pin To Net: Unknown Pin: Pin P400-1
Add Pin To Net: Unknown Pin: Pin P400-2
Add Pin To Net: Unknown Pin: Pin P400-3
Add Pin To Net: Unknown Pin: Pin P400-4
Add Pin To Net: Unknown Pin: Pin P401-1
Add Pin To Net: Unknown Pin: Pin P401-2
Add Pin To Net: Unknown Pin: Pin P401-3
Added Pin To Net: NetName=NetC200_1 Pin=C200-1
Added Pin To Net: NetName=NetC200_1 Pin=C201-1
Added Pin To Net: NetName=NetC200_1 Pin=C202-1
Added Pin To Net: NetName=NetC200_1 Pin=FB200-2
Added Net: Name=NetC200_1
Add Class Member: Failed to add class member : Component P100 Header 5
Add Class Member: Failed to add class member : Component P400 SPEED_SENSOR
Add Class Member: Failed to add class member : Component P401 TEMP_SENSOR
Added Member To Class: ClassName=IN_OUT Member=Component Q401 N CH
