Added Component: Designator=J402(HDR1X2)
Add component (AddParameter): Name = "LatestRevisionDate"; Value = "17-Jul-2002"; VariantName = "[No Variations]"
Add component (AddParameter): Name = "LatestRevisionNote"; Value = "Re-released for DXP Platform."; VariantName = "[No Variations]"
Add component (AddParameter): Name = "Publisher"; Value = "Altium Limited"; VariantName = "[No Variations]"
Added Component: Designator=Q406(SOT_23_3)
Add component (AddParameter): Name = "ComponentLink1Description"; Value = "LCSC"; VariantName = "[No Variations]"
Add component (AddParameter): Name = "ComponentLink1URL"; Value = "https://www.lcsc.com/product-detail/MOSFETs_Doeshare-DN2302S_C2931750.html"; VariantName = "[No Variations]"
Add component (AddParameter): Name = "Manufacturer"; Value = "Doeshare"; VariantName = "[No Variations]"
Add component (AddParameter): Name = "Manufacturer Part Number"; Value = "DN2302S"; VariantName = "[No Variations]"
Add component (AddParameter): Name = "Supplier 1"; Value = "LCSC"; VariantName = "[No Variations]"
Add component (AddParameter): Name = "Supplier Part Number 1"; Value = "C2931750"; VariantName = "[No Variations]"
Add component (AddParameter): Name = "Usage"; Value = ""; VariantName = "[No Variations]"
Added Component: Designator=R425(0603_res)
Add component (AddParameter): Name = "ComponentLink1Description"; Value = "LCSC"; VariantName = "[No Variations]"
Add component (AddParameter): Name = "ComponentLink1URL"; Value = "https://www.lcsc.com/product-detail/Chip-Resistor-Surface-Mount_FOJAN-FRC0603J102-TS_C2907113.html"; VariantName = "[No Variations]"
Add component (AddParameter): Name = "Manufacturer"; Value = "FOJAN"; VariantName = "[No Variations]"
Add component (AddParameter): Name = "Manufacturer Part Number"; Value = "FRC0603J102 TS"; VariantName = "[No Variations]"
Add component (AddParameter): Name = "Supplier 1"; Value = "LCSC"; VariantName = "[No Variations]"
Add component (AddParameter): Name = "Supplier Part Number 1"; Value = "C2907113"; VariantName = "[No Variations]"
Add component (AddParameter): Name = "Usage"; Value = ""; VariantName = "[No Variations]"
Add component (AddParameter): Name = "Value"; Value = "1k"; VariantName = "[No Variations]"
Added Component: Designator=R426(0603_res)
Add component (AddParameter): Name = "ComponentLink1Description"; Value = "LCSC"; VariantName = "[No Variations]"
Add component (AddParameter): Name = "ComponentLink1URL"; Value = "https://www.lcsc.com/product-detail/Chip-Resistor-Surface-Mount_FOJAN-FRC0603J103TS_C2930027.html"; VariantName = "[No Variations]"
Add component (AddParameter): Name = "Manufacturer"; Value = "FOJAN"; VariantName = "[No Variations]"
Add component (AddParameter): Name = "Manufacturer Part Number"; Value = "FRC0603J103TS"; VariantName = "[No Variations]"
Add component (AddParameter): Name = "Supplier 1"; Value = "LCSC"; VariantName = "[No Variations]"
Add component (AddParameter): Name = "Supplier Part Number 1"; Value = "C2930027"; VariantName = "[No Variations]"
Add component (AddParameter): Name = "Usage"; Value = ""; VariantName = "[No Variations]"
Add component (AddParameter): Name = "Value"; Value = "10k"; VariantName = "[No Variations]"
Added Pin To Net: NetName=VIN Pin=J402-1
Added Pin To Net: NetName=GND Pin=Q406-2
Added Pin To Net: NetName=GND Pin=R426-1
Added Pin To Net: NetName=LOAD Pin=R425-1
Added Pin To Net: NetName=LOAD Pin=R426-2
Added Pin To Net: NetName=LOAD Pin=U100-33
Added Net: Name=LOAD
Added Pin To Net: NetName=NetJ402_2 Pin=J402-2
Added Pin To Net: NetName=NetJ402_2 Pin=Q406-3
Added Net: Name=NetJ402_2
Added Pin To Net: NetName=NetQ406_1 Pin=Q406-1
Added Pin To Net: NetName=NetQ406_1 Pin=R425-2
Added Net: Name=NetQ406_1
Added Member To Class: ClassName=IN_OUT Member=Component J402 LOAD
Added Member To Class: ClassName=IN_OUT Member=Component Q406 N CH
Added Member To Class: ClassName=IN_OUT Member=Component R425 1k 1/10W
Added Member To Class: ClassName=IN_OUT Member=Component R426 10k 1/10W
