Reset Component Physical Designator: Old Designator=C100 New Designator=C100
Reset Component Physical Designator: Old Designator=C200 New Designator=C210
Reset Component Physical Designator: Old Designator=C201 New Designator=C211
Reset Component Physical Designator: Old Designator=C202 New Designator=C200
Reset Component Physical Designator: Old Designator=C203 New Designator=C201
Reset Component Physical Designator: Old Designator=C204 New Designator=C202
Reset Component Physical Designator: Old Designator=C205 New Designator=C205
Reset Component Physical Designator: Old Designator=C206 New Designator=C206
Reset Component Physical Designator: Old Designator=C207 New Designator=C207
Reset Component Physical Designator: Old Designator=C208 New Designator=C208
Reset Component Physical Designator: Old Designator=C209 New Designator=C209
Reset Component Physical Designator: Old Designator=C210 New Designator=C203
Reset Component Physical Designator: Old Designator=C211 New Designator=C204
Reset Component Physical Designator: Old Designator=C400 New Designator=C400
Reset Component Physical Designator: Old Designator=C401 New Designator=C401
Reset Component Physical Designator: Old Designator=C402 New Designator=C402
Reset Component Physical Designator: Old Designator=D200 New Designator=D200
Reset Component Physical Designator: Old Designator=D201 New Designator=D201
Reset Component Physical Designator: Old Designator=D202 New Designator=D202
Reset Component Physical Designator: Old Designator=D300 New Designator=D300
Reset Component Physical Designator: Old Designator=D301 New Designator=D301
Reset Component Physical Designator: Old Designator=D400 New Designator=D400
Reset Component Physical Designator: Old Designator=D401 New Designator=D401
Reset Component Physical Designator: Old Designator=FB200 New Designator=FB200
Reset Component Physical Designator: Old Designator=FB201 New Designator=FB202
Reset Component Physical Designator: Old Designator=FB202 New Designator=FB201
Reset Component Physical Designator: Old Designator=J200 New Designator=J202
Reset Component Physical Designator: Old Designator=J201 New Designator=J200
Reset Component Physical Designator: Old Designator=J202 New Designator=J201
Reset Component Physical Designator: Old Designator=P100 New Designator=P100
Reset Component Physical Designator: Old Designator=P400 New Designator=P401
Reset Component Physical Designator: Old Designator=P401 New Designator=P400
Reset Component Physical Designator: Old Designator=Q400 New Designator=Q400
Reset Component Physical Designator: Old Designator=Q401 New Designator=Q401
Reset Component Physical Designator: Old Designator=Q402 New Designator=Q402
Reset Component Physical Designator: Old Designator=Q403 New Designator=Q403
Reset Component Physical Designator: Old Designator=Q404 New Designator=Q404
Reset Component Physical Designator: Old Designator=Q405 New Designator=Q405
Reset Component Physical Designator: Old Designator=R100 New Designator=R100
Reset Component Physical Designator: Old Designator=R301 New Designator=R301
Reset Component Physical Designator: Old Designator=R302 New Designator=R302
Reset Component Physical Designator: Old Designator=R303 New Designator=R303
Reset Component Physical Designator: Old Designator=R306 New Designator=R306
Reset Component Physical Designator: Old Designator=R307 New Designator=R307
Reset Component Physical Designator: Old Designator=R308 New Designator=R308
Reset Component Physical Designator: Old Designator=R309 New Designator=R309
Reset Component Physical Designator: Old Designator=R400 New Designator=R400
Reset Component Physical Designator: Old Designator=R401 New Designator=R401
Reset Component Physical Designator: Old Designator=R402 New Designator=R402
Reset Component Physical Designator: Old Designator=R406 New Designator=R406
Reset Component Physical Designator: Old Designator=R407 New Designator=R407
Reset Component Physical Designator: Old Designator=R408 New Designator=R408
Reset Component Physical Designator: Old Designator=R409 New Designator=R418
Reset Component Physical Designator: Old Designator=R410 New Designator=R419
Reset Component Physical Designator: Old Designator=R411 New Designator=R420
Reset Component Physical Designator: Old Designator=R412 New Designator=R421
Reset Component Physical Designator: Old Designator=R413 New Designator=R422
Reset Component Physical Designator: Old Designator=R414 New Designator=R423
Reset Component Physical Designator: Old Designator=R415 New Designator=R409
Reset Component Physical Designator: Old Designator=R416 New Designator=R410
Reset Component Physical Designator: Old Designator=R417 New Designator=R411
Reset Component Physical Designator: Old Designator=R421 New Designator=R415
Reset Component Physical Designator: Old Designator=R422 New Designator=R416
Reset Component Physical Designator: Old Designator=R423 New Designator=R417
Reset Component Physical Designator: Old Designator=R? New Designator=R300
Reset Component Physical Designator: Old Designator=R? New Designator=R304
Reset Component Physical Designator: Old Designator=R? New Designator=R305
Reset Component Physical Designator: Old Designator=R? New Designator=R403
Reset Component Physical Designator: Old Designator=R? New Designator=R404
Reset Component Physical Designator: Old Designator=R? New Designator=R405
Reset Component Physical Designator: Old Designator=R? New Designator=R412
Reset Component Physical Designator: Old Designator=R? New Designator=R413
Reset Component Physical Designator: Old Designator=R? New Designator=R414
Reset Component Physical Designator: Old Designator=SW100 New Designator=SW100
Reset Component Physical Designator: Old Designator=SW400 New Designator=SW400
Reset Component Physical Designator: Old Designator=SW401 New Designator=SW401
Reset Component Physical Designator: Old Designator=SW402 New Designator=SW402
Reset Component Physical Designator: Old Designator=U100 New Designator=U100
Reset Component Physical Designator: Old Designator=U100 New Designator=U100
Reset Component Physical Designator: Old Designator=U200 New Designator=U200
Reset Component Physical Designator: Old Designator=U300 New Designator=U300
Reset Component Physical Designator: Old Designator=U301 New Designator=U301
Reset Component Physical Designator: Old Designator=U302 New Designator=U302
