Added Component: Designator=J203(CON_2x12_th_2.54MM)
Add component (AddParameter): Name = "ComponentLink1Description"; Value = "Digi-Key"; VariantName = "[No Variations]"
Add component (AddParameter): Name = "ComponentLink1URL"; Value = ""; VariantName = "[No Variations]"
Add component (AddParameter): Name = "Manufacturer"; Value = "Amphenol ICC (FCI)"; VariantName = "[No Variations]"
Add component (AddParameter): Name = "Manufacturer Part Number"; Value = "10129381-924001BLF"; VariantName = "[No Variations]"
Add component (AddParameter): Name = "Supplier 1"; Value = "Digi-Key"; VariantName = "[No Variations]"
Add component (AddParameter): Name = "Supplier Part Number 1"; Value = "10129381-924001BLF-ND"; VariantName = "[No Variations]"
Add component (AddParameter): Name = "Value"; Value = ""; VariantName = "[No Variations]"
Added Pin To Net: NetName=3V3 Pin=J203-01
Added Pin To Net: NetName=3V3 Pin=J203-02
Added Pin To Net: NetName=GND Pin=J203-03
Added Pin To Net: NetName=PA1 Pin=J203-04
Added Pin To Net: NetName=PA0 Pin=J203-05
Added Pin To Net: NetName=PF1 Pin=J203-06
Added Pin To Net: NetName=PF0 Pin=J203-07
Added Pin To Net: NetName=PC15 Pin=J203-08
Added Pin To Net: NetName=PC14 Pin=J203-09
Added Pin To Net: NetName=PC13 Pin=J203-10
Added Pin To Net: NetName=GND Pin=J203-11
Added Pin To Net: NetName=3V3 Pin=J203-12
Added Pin To Net: NetName=PA5 Pin=J203-13
Added Pin To Net: NetName=PB15 Pin=J203-14
Added Pin To Net: NetName=SETTING_LED Pin=J203-15
Added Pin To Net: NetName=PA9 Pin=J203-16
Added Pin To Net: NetName=PA10 Pin=J203-17
Added Pin To Net: NetName=PA11 Pin=J203-18
Added Pin To Net: NetName=PF6 Pin=J203-19
Added Pin To Net: NetName=PF7 Pin=J203-20
Added Pin To Net: NetName=PB9 Pin=J203-21
Added Pin To Net: NetName=PB8 Pin=J203-22
Added Pin To Net: NetName=GND Pin=J203-23
Added Pin To Net: NetName=3V3 Pin=J203-24
Added Member To Class: ClassName=Power Member=Component J203 10129381-924001BLF
