Removed Pin From Net: NetName=R_SPEED_LED Pin=R403-1
Removed Pin From Net: NetName=NetQ400_1 Pin=R403-2
Removed Pin From Net: NetName=G_SPEED_LED Pin=R404-1
Removed Pin From Net: NetName=NetQ401_1 Pin=R404-2
Removed Pin From Net: NetName=B_SPEED_LED Pin=R405-1
Removed Pin From Net: NetName=NetQ402_1 Pin=R405-2
Removed Pin From Net: NetName=R_TEMP_LED Pin=R412-1
Removed Pin From Net: NetName=NetQ403_1 Pin=R412-2
Removed Pin From Net: NetName=G_TEMP_LED Pin=R413-1
Removed Pin From Net: NetName=NetQ404_1 Pin=R413-2
Removed Pin From Net: NetName=B_TEMP_LED Pin=R414-1
Removed Pin From Net: NetName=NetQ405_1 Pin=R414-2
Added Component: Designator=P100(HDR1X5)
Add component (AddParameter): Name = "LatestRevisionDate"; Value = "17-Jul-2002"; VariantName = "[No Variations]"
Add component (AddParameter): Name = "LatestRevisionNote"; Value = "Re-released for DXP Platform."; VariantName = "[No Variations]"
Add component (AddParameter): Name = "Publisher"; Value = "Altium Limited"; VariantName = "[No Variations]"
Added Component: Designator=P400(HDR1X4)
Add component (AddParameter): Name = "LatestRevisionDate"; Value = "17-Jul-2002"; VariantName = "[No Variations]"
Add component (AddParameter): Name = "LatestRevisionNote"; Value = "Re-released for DXP Platform."; VariantName = "[No Variations]"
Add component (AddParameter): Name = "Publisher"; Value = "Altium Limited"; VariantName = "[No Variations]"
Added Component: Designator=P401(HDR1X3)
Add component (AddParameter): Name = "LatestRevisionDate"; Value = "17-Jul-2002"; VariantName = "[No Variations]"
Add component (AddParameter): Name = "LatestRevisionNote"; Value = "Re-released for DXP Platform."; VariantName = "[No Variations]"
Add component (AddParameter): Name = "Publisher"; Value = "Altium Limited"; VariantName = "[No Variations]"
Added Component: Designator=R403(0603_res)
Add component (AddParameter): Name = "ComponentLink1Description"; Value = "LCSC"; VariantName = "[No Variations]"
Add component (AddParameter): Name = "ComponentLink1URL"; Value = "https://www.lcsc.com/product-detail/Chip-Resistor-Surface-Mount_FOJAN-FRC0603J102-TS_C2907113.html"; VariantName = "[No Variations]"
Add component (AddParameter): Name = "Manufacturer"; Value = "FOJAN"; VariantName = "[No Variations]"
Add component (AddParameter): Name = "Manufacturer Part Number"; Value = "FRC0603J102 TS"; VariantName = "[No Variations]"
Add component (AddParameter): Name = "Supplier 1"; Value = "LCSC"; VariantName = "[No Variations]"
Add component (AddParameter): Name = "Supplier Part Number 1"; Value = "C2907113"; VariantName = "[No Variations]"
Add component (AddParameter): Name = "Usage"; Value = ""; VariantName = "[No Variations]"
Add component (AddParameter): Name = "Value"; Value = "1k"; VariantName = "[No Variations]"
Added Component: Designator=R404(0603_res)
Add component (AddParameter): Name = "ComponentLink1Description"; Value = "LCSC"; VariantName = "[No Variations]"
Add component (AddParameter): Name = "ComponentLink1URL"; Value = "https://www.lcsc.com/product-detail/Chip-Resistor-Surface-Mount_FOJAN-FRC0603J102-TS_C2907113.html"; VariantName = "[No Variations]"
Add component (AddParameter): Name = "Manufacturer"; Value = "FOJAN"; VariantName = "[No Variations]"
Add component (AddParameter): Name = "Manufacturer Part Number"; Value = "FRC0603J102 TS"; VariantName = "[No Variations]"
Add component (AddParameter): Name = "Supplier 1"; Value = "LCSC"; VariantName = "[No Variations]"
Add component (AddParameter): Name = "Supplier Part Number 1"; Value = "C2907113"; VariantName = "[No Variations]"
Add component (AddParameter): Name = "Usage"; Value = ""; VariantName = "[No Variations]"
Add component (AddParameter): Name = "Value"; Value = "1k"; VariantName = "[No Variations]"
Added Component: Designator=R405(0603_res)
Add component (AddParameter): Name = "ComponentLink1Description"; Value = "LCSC"; VariantName = "[No Variations]"
Add component (AddParameter): Name = "ComponentLink1URL"; Value = "https://www.lcsc.com/product-detail/Chip-Resistor-Surface-Mount_FOJAN-FRC0603J102-TS_C2907113.html"; VariantName = "[No Variations]"
Add component (AddParameter): Name = "Manufacturer"; Value = "FOJAN"; VariantName = "[No Variations]"
Add component (AddParameter): Name = "Manufacturer Part Number"; Value = "FRC0603J102 TS"; VariantName = "[No Variations]"
Add component (AddParameter): Name = "Supplier 1"; Value = "LCSC"; VariantName = "[No Variations]"
Add component (AddParameter): Name = "Supplier Part Number 1"; Value = "C2907113"; VariantName = "[No Variations]"
Add component (AddParameter): Name = "Usage"; Value = ""; VariantName = "[No Variations]"
Add component (AddParameter): Name = "Value"; Value = "1k"; VariantName = "[No Variations]"
Added Component: Designator=R412(0603_res)
Add component (AddParameter): Name = "ComponentLink1Description"; Value = "LCSC"; VariantName = "[No Variations]"
Add component (AddParameter): Name = "ComponentLink1URL"; Value = "https://www.lcsc.com/product-detail/Chip-Resistor-Surface-Mount_FOJAN-FRC0603J102-TS_C2907113.html"; VariantName = "[No Variations]"
Add component (AddParameter): Name = "Manufacturer"; Value = "FOJAN"; VariantName = "[No Variations]"
Add component (AddParameter): Name = "Manufacturer Part Number"; Value = "FRC0603J102 TS"; VariantName = "[No Variations]"
Add component (AddParameter): Name = "Supplier 1"; Value = "LCSC"; VariantName = "[No Variations]"
Add component (AddParameter): Name = "Supplier Part Number 1"; Value = "C2907113"; VariantName = "[No Variations]"
Add component (AddParameter): Name = "Usage"; Value = ""; VariantName = "[No Variations]"
Add component (AddParameter): Name = "Value"; Value = "1k"; VariantName = "[No Variations]"
Added Component: Designator=R413(0603_res)
Add component (AddParameter): Name = "ComponentLink1Description"; Value = "LCSC"; VariantName = "[No Variations]"
Add component (AddParameter): Name = "ComponentLink1URL"; Value = "https://www.lcsc.com/product-detail/Chip-Resistor-Surface-Mount_FOJAN-FRC0603J102-TS_C2907113.html"; VariantName = "[No Variations]"
Add component (AddParameter): Name = "Manufacturer"; Value = "FOJAN"; VariantName = "[No Variations]"
Add component (AddParameter): Name = "Manufacturer Part Number"; Value = "FRC0603J102 TS"; VariantName = "[No Variations]"
Add component (AddParameter): Name = "Supplier 1"; Value = "LCSC"; VariantName = "[No Variations]"
Add component (AddParameter): Name = "Supplier Part Number 1"; Value = "C2907113"; VariantName = "[No Variations]"
Add component (AddParameter): Name = "Usage"; Value = ""; VariantName = "[No Variations]"
Add component (AddParameter): Name = "Value"; Value = "1k"; VariantName = "[No Variations]"
Added Component: Designator=R414(0603_res)
Add component (AddParameter): Name = "ComponentLink1Description"; Value = "LCSC"; VariantName = "[No Variations]"
Add component (AddParameter): Name = "ComponentLink1URL"; Value = "https://www.lcsc.com/product-detail/Chip-Resistor-Surface-Mount_FOJAN-FRC0603J102-TS_C2907113.html"; VariantName = "[No Variations]"
Add component (AddParameter): Name = "Manufacturer"; Value = "FOJAN"; VariantName = "[No Variations]"
Add component (AddParameter): Name = "Manufacturer Part Number"; Value = "FRC0603J102 TS"; VariantName = "[No Variations]"
Add component (AddParameter): Name = "Supplier 1"; Value = "LCSC"; VariantName = "[No Variations]"
Add component (AddParameter): Name = "Supplier Part Number 1"; Value = "C2907113"; VariantName = "[No Variations]"
Add component (AddParameter): Name = "Usage"; Value = ""; VariantName = "[No Variations]"
Add component (AddParameter): Name = "Value"; Value = "1k"; VariantName = "[No Variations]"
Added Pin To Net: NetName=RESET_MCU Pin=P100-1
Added Pin To Net: NetName=SYS_SWDIO Pin=P100-2
Added Pin To Net: NetName=GND Pin=P100-3
Added Pin To Net: NetName=SYS_SWCLK Pin=P100-4
Added Pin To Net: NetName=3V3  MCU Pin=P100-5
Added Pin To Net: NetName=3V3 Pin=P400-1
Added Pin To Net: NetName=GND Pin=P400-2
Added Pin To Net: NetName=SPEED_SENSOR_DIGITAL_PIN Pin=P400-3
Added Pin To Net: NetName=SPEED_SENSOR_ANALOG_PIN Pin=P400-4
Added Pin To Net: NetName=3V3 Pin=P401-1
Added Pin To Net: NetName=TEMPERATURE SENSOR Pin=P401-2
Added Pin To Net: NetName=GND Pin=P401-3
Added Pin To Net: NetName=R_SPEED_LED Pin=R403-1
Added Pin To Net: NetName=NetQ400_1 Pin=R403-2
Added Pin To Net: NetName=G_SPEED_LED Pin=R404-1
Added Pin To Net: NetName=NetQ401_1 Pin=R404-2
Added Pin To Net: NetName=B_SPEED_LED Pin=R405-1
Added Pin To Net: NetName=NetQ402_1 Pin=R405-2
Added Pin To Net: NetName=R_TEMP_LED Pin=R412-1
Added Pin To Net: NetName=NetQ403_1 Pin=R412-2
Added Pin To Net: NetName=G_TEMP_LED Pin=R413-1
Added Pin To Net: NetName=NetQ404_1 Pin=R413-2
Added Pin To Net: NetName=B_TEMP_LED Pin=R414-1
Added Pin To Net: NetName=NetQ405_1 Pin=R414-2
Added Member To Class: ClassName=MCU Member=Component P100 Header 5
Added Member To Class: ClassName=IN_OUT Member=Component P400 SPEED_SENSOR
Added Member To Class: ClassName=IN_OUT Member=Component P401 TEMP_SENSOR
