Added Member To Class: ClassName=MCU Member=Component J100 JTAG
Added Member To Class: ClassName=Power Member=Component J201 VIN_5V
Added Member To Class: ClassName=IN_OUT Member=Component J400 LOAD
Added Member To Class: ClassName=IN_OUT Member=Component J401 SPEED
Added Member To Class: ClassName=IN_OUT Member=Component J402 TEMP
Added Member To Class: ClassName=MCU Member=Component R101 5k1 1/10W
Added Member To Class: ClassName=Communication Member=Component R301 10k 1/10W
Added Member To Class: ClassName=Communication Member=Component R304 10k 1/10W
Added Member To Class: ClassName=Communication Member=Component R305 10k 1/10W
Added Member To Class: ClassName=IN_OUT Member=Component R400 52R3 1/10W
Added Member To Class: ClassName=IN_OUT Member=Component R401 24R 1/10W
Added Member To Class: ClassName=IN_OUT Member=Component R402 30 1/10W
Added Member To Class: ClassName=IN_OUT Member=Component R409 52R3 1/10W
Added Member To Class: ClassName=IN_OUT Member=Component R410 24R 1/10W
Added Member To Class: ClassName=IN_OUT Member=Component R411 30 1/10W
Added Member To Class: ClassName=IN_OUT Member=Component R424 4k7 1/10W
Added Room: Name=Communication
Added Room: Name=IN_OUT
Added Room: Name=MCU
Added Room: Name=Power
