Change Component Designator: Old Designator=C? New Designator=C400
Change Component Designator: Old Designator=C? New Designator=C401
Change Component Designator: Old Designator=C? New Designator=C402
Change Component Designator: Old Designator=D? New Designator=D400
Change Component Designator: Old Designator=D? New Designator=D401
Change Component Designator: Old Designator=J? New Designator=J400
Change Component Designator: Old Designator=J? New Designator=J401
Change Component Designator: Old Designator=J? New Designator=J402
Change Component Designator: Old Designator=Q? New Designator=Q400
Change Component Designator: Old Designator=Q? New Designator=Q401
Change Component Designator: Old Designator=Q? New Designator=Q402
Change Component Designator: Old Designator=Q? New Designator=Q403
Change Component Designator: Old Designator=Q? New Designator=Q404
Change Component Designator: Old Designator=Q? New Designator=Q405
Change Component Designator: Old Designator=Q? New Designator=Q406
Change Component Designator: Old Designator=R? New Designator=R400
Change Component Designator: Old Designator=R? New Designator=R401
Change Component Designator: Old Designator=R? New Designator=R402
Change Component Designator: Old Designator=R? New Designator=R403
Change Component Designator: Old Designator=R? New Designator=R404
Change Component Designator: Old Designator=R? New Designator=R405
Change Component Designator: Old Designator=R? New Designator=R406
Change Component Designator: Old Designator=R? New Designator=R407
Change Component Designator: Old Designator=R? New Designator=R408
Change Component Designator: Old Designator=R? New Designator=R409
Change Component Designator: Old Designator=R? New Designator=R410
Change Component Designator: Old Designator=R? New Designator=R411
Change Component Designator: Old Designator=R? New Designator=R412
Change Component Designator: Old Designator=R? New Designator=R413
Change Component Designator: Old Designator=R? New Designator=R414
Change Component Designator: Old Designator=R? New Designator=R415
Change Component Designator: Old Designator=R? New Designator=R416
Change Component Designator: Old Designator=R? New Designator=R417
Change Component Designator: Old Designator=R? New Designator=R418
Change Component Designator: Old Designator=R? New Designator=R419
Change Component Designator: Old Designator=R? New Designator=R420
Change Component Designator: Old Designator=R? New Designator=R421
Change Component Designator: Old Designator=R? New Designator=R422
Change Component Designator: Old Designator=R? New Designator=R423
Change Component Designator: Old Designator=R? New Designator=R424
Change Component Designator: Old Designator=R? New Designator=R425
Change Component Designator: Old Designator=R? New Designator=R426
Change Component Designator: Old Designator=SW? New Designator=SW400
Change Component Designator: Old Designator=SW? New Designator=SW401
Change Component Designator: Old Designator=SW? New Designator=SW402
