Change Component Designator: Old Designator=C1 New Designator=C400
Change Component Designator: Old Designator=C2 New Designator=C401
Change Component Designator: Old Designator=C3 New Designator=C402
Change Component Designator: Old Designator=D1 New Designator=D400
Change Component Designator: Old Designator=D2 New Designator=D401
Change Component Designator: Old Designator=P1 New Designator=P400
Change Component Designator: Old Designator=P2 New Designator=P401
Change Component Designator: Old Designator=Q1 New Designator=Q400
Change Component Designator: Old Designator=Q2 New Designator=Q401
Change Component Designator: Old Designator=Q3 New Designator=Q402
Change Component Designator: Old Designator=Q4 New Designator=Q403
Change Component Designator: Old Designator=Q5 New Designator=Q404
Change Component Designator: Old Designator=Q6 New Designator=Q405
Change Component Designator: Old Designator=R1 New Designator=R400
Change Component Designator: Old Designator=R2 New Designator=R401
Change Component Designator: Old Designator=R3 New Designator=R402
Change Component Designator: Old Designator=R4 New Designator=R403
Change Component Designator: Old Designator=R5 New Designator=R404
Change Component Designator: Old Designator=R6 New Designator=R405
Change Component Designator: Old Designator=R7 New Designator=R415
Change Component Designator: Old Designator=R8 New Designator=R416
Change Component Designator: Old Designator=R9 New Designator=R417
Change Component Designator: Old Designator=R10 New Designator=R421
Change Component Designator: Old Designator=R11 New Designator=R422
Change Component Designator: Old Designator=R12 New Designator=R423
Change Component Designator: Old Designator=R13 New Designator=R418
Change Component Designator: Old Designator=R14 New Designator=R419
Change Component Designator: Old Designator=R15 New Designator=R420
Change Component Designator: Old Designator=R16 New Designator=R406
Change Component Designator: Old Designator=R17 New Designator=R407
Change Component Designator: Old Designator=R18 New Designator=R408
Change Component Designator: Old Designator=R19 New Designator=R409
Change Component Designator: Old Designator=R20 New Designator=R410
Change Component Designator: Old Designator=R21 New Designator=R411
Change Component Designator: Old Designator=R22 New Designator=R412
Change Component Designator: Old Designator=R23 New Designator=R413
Change Component Designator: Old Designator=R24 New Designator=R414
Change Component Designator: Old Designator=SW1 New Designator=SW400
Change Component Designator: Old Designator=SW2 New Designator=SW401
Change Component Designator: Old Designator=SW3 New Designator=SW402
