Change Component Designator: Old Designator=C400 New Designator=C?
Change Component Designator: Old Designator=C401 New Designator=C?
Change Component Designator: Old Designator=C402 New Designator=C?
Change Component Designator: Old Designator=D400 New Designator=D?
Change Component Designator: Old Designator=D401 New Designator=D?
Change Component Designator: Old Designator=P400 New Designator=P?
Change Component Designator: Old Designator=P401 New Designator=P?
Change Component Designator: Old Designator=Q400 New Designator=Q?
Change Component Designator: Old Designator=Q401 New Designator=Q?
Change Component Designator: Old Designator=Q402 New Designator=Q?
Change Component Designator: Old Designator=Q403 New Designator=Q?
Change Component Designator: Old Designator=Q404 New Designator=Q?
Change Component Designator: Old Designator=Q405 New Designator=Q?
Change Component Designator: Old Designator=R400 New Designator=R?
Change Component Designator: Old Designator=R401 New Designator=R?
Change Component Designator: Old Designator=R402 New Designator=R?
Change Component Designator: Old Designator=R406 New Designator=R?
Change Component Designator: Old Designator=R407 New Designator=R?
Change Component Designator: Old Designator=R408 New Designator=R?
Change Component Designator: Old Designator=R409 New Designator=R?
Change Component Designator: Old Designator=R410 New Designator=R?
Change Component Designator: Old Designator=R411 New Designator=R?
Change Component Designator: Old Designator=R412 New Designator=R?
Change Component Designator: Old Designator=R413 New Designator=R?
Change Component Designator: Old Designator=R414 New Designator=R?
Change Component Designator: Old Designator=R415 New Designator=R?
Change Component Designator: Old Designator=R416 New Designator=R?
Change Component Designator: Old Designator=R417 New Designator=R?
Change Component Designator: Old Designator=R421 New Designator=R?
Change Component Designator: Old Designator=R422 New Designator=R?
Change Component Designator: Old Designator=R423 New Designator=R?
Change Component Designator: Old Designator=SW400 New Designator=SW?
Change Component Designator: Old Designator=SW401 New Designator=SW?
Change Component Designator: Old Designator=SW402 New Designator=SW?
