Change Component Designator: Old Designator=C200 New Designator=C?
Change Component Designator: Old Designator=C201 New Designator=C?
Change Component Designator: Old Designator=C202 New Designator=C?
Change Component Designator: Old Designator=C203 New Designator=C?
Change Component Designator: Old Designator=C204 New Designator=C?
Change Component Designator: Old Designator=C205 New Designator=C?
Change Component Designator: Old Designator=C206 New Designator=C?
Change Component Designator: Old Designator=C207 New Designator=C?
Change Component Designator: Old Designator=C208 New Designator=C?
Change Component Designator: Old Designator=C209 New Designator=C?
Change Component Designator: Old Designator=C210 New Designator=C?
Change Component Designator: Old Designator=C211 New Designator=C?
Change Component Designator: Old Designator=D200 New Designator=D?
Change Component Designator: Old Designator=D201 New Designator=D?
Change Component Designator: Old Designator=D202 New Designator=D?
Change Component Designator: Old Designator=FB200 New Designator=FB?
Change Component Designator: Old Designator=FB201 New Designator=FB?
Change Component Designator: Old Designator=FB202 New Designator=FB?
Change Component Designator: Old Designator=J200 New Designator=J?
Change Component Designator: Old Designator=J201 New Designator=J?
Change Component Designator: Old Designator=J202 New Designator=J?
Change Component Designator: Old Designator=U200 New Designator=U?
